2021-05-03 21:25:50,743 INFO Loading weights from binary_segmentation.pth
2021-05-03 21:25:50,770 INFO Weights ignored from loaded model: decoder.last_conv.6.weight  decoder.last_conv.6.bias
2021-05-03 21:25:50,770 INFO Weights ignored from training model: decoder.last_conv.6.weight  decoder.last_conv.6.bias
2021-05-03 21:25:50,787 INFO Done loading pretrained weights
2021-05-03 21:25:52,927 INFO Dataset size: 15177 samples
2021-05-03 21:25:52,927 INFO pretrained_model_path = binary_segmentation.pth  
snapshot_freq = 5  
size = 256  
output_folder = results/dt_multiclass/lr0.001_bs32_attsdotprod_  
bs = 32  
att = sdotprod  
exp_name = lr0.001_bs32_attsdotprod_  
model_folder = results/dt_multiclass/lr0.001_bs32_attsdotprod_/models  
data_folder = COCO_mini5class_medium/  
exp_suffix =   
lr = 0.001  
output_root = results  
logs_folder = results/dt_multiclass/lr0.001_bs32_attsdotprod_/logs
2021-05-03 21:25:52,927 INFO train_data 15177
2021-05-03 21:25:52,927 INFO val_data 3000
2021-05-03 21:25:52,928 INFO Epoch 0
2021-05-03 21:31:03,318 INFO ==> Saving BEST ... epoch0 loss0.702 miou0.046 
2021-05-03 21:31:04,288 INFO Epoch 1
