2021-05-03 21:51:00,650 INFO Loading weights from binary_segmentation.pth
2021-05-03 21:51:00,684 INFO Weights ignored from loaded model: decoder.last_conv.6.bias  decoder.last_conv.6.weight
2021-05-03 21:51:00,684 INFO Weights ignored from training model: decoder.last_conv.6.weight  decoder.last_conv.6.bias
2021-05-03 21:51:00,920 INFO Done loading pretrained weights
2021-05-03 21:51:03,103 INFO Dataset size: 15177 samples
2021-05-03 21:51:03,103 INFO exp_suffix =   
logs_folder = results/dt_multiclass/lr0.001_bs32_attsdotprod_/logs  
size = 256  
lr = 0.001  
exp_name = lr0.001_bs32_attsdotprod_  
model_folder = results/dt_multiclass/lr0.001_bs32_attsdotprod_/models  
pretrained_model_path = binary_segmentation.pth  
output_root = results  
snapshot_freq = 5  
bs = 32  
output_folder = results/dt_multiclass/lr0.001_bs32_attsdotprod_  
att = sdotprod  
data_folder = COCO_mini5class_medium/
2021-05-03 21:51:03,103 INFO train_data 15177
2021-05-03 21:51:03,104 INFO val_data 3000
2021-05-03 21:51:03,104 INFO Epoch 0
2021-05-03 21:51:05,820 INFO Training 0
