2021-05-04 10:26:55,931 INFO Dataset size: 15177 samples
2021-05-04 10:26:55,932 INFO exp_suffix = final_model_2  
exp_name = lr0.01_bs32_size256_final_model_2  
data_folder = COCO_mini5class_medium/  
model_folder = results/dt_binseg/lr0.01_bs32_size256_final_model_2/models  
size = 256  
snapshot_freq = 1  
output_folder = results/dt_binseg/lr0.01_bs32_size256_final_model_2  
weights_init = ./results/pretrain/lr0.005_bs8_size256_final_model/models/model.pth  
lr = 0.01  
logs_folder = results/dt_binseg/lr0.01_bs32_size256_final_model_2/logs  
bs = 32  
output_root = results
2021-05-04 10:26:55,932 INFO train_data 15177
2021-05-04 10:26:55,932 INFO val_data 3000
2021-05-04 10:26:55,932 INFO Epoch 0
2021-05-04 10:27:46,027 INFO Training: [epoch:1, batch:   100/474] loss: 0.333 , mean_IoU: 0.328
2021-05-04 10:28:35,901 INFO Training: [epoch:1, batch:   200/474] loss: 0.315 , mean_IoU: 0.364
2021-05-04 10:29:26,170 INFO Training: [epoch:1, batch:   300/474] loss: 0.301 , mean_IoU: 0.379
2021-05-04 10:30:16,465 INFO Training: [epoch:1, batch:   400/474] loss: 0.295 , mean_IoU: 0.392
2021-05-04 10:30:54,681 INFO Validation: [epoch:1, batch:    50/3000] loss: 0.232 , mean_IoU: 0.170
2021-05-04 10:30:55,381 INFO Validation: [epoch:1, batch:   100/3000] loss: 0.290 , mean_IoU: 0.200
2021-05-04 10:30:56,094 INFO Validation: [epoch:1, batch:   150/3000] loss: 0.260 , mean_IoU: 0.186
2021-05-04 10:30:56,786 INFO Validation: [epoch:1, batch:   200/3000] loss: 0.268 , mean_IoU: 0.191
2021-05-04 10:30:57,498 INFO Validation: [epoch:1, batch:   250/3000] loss: 0.266 , mean_IoU: 0.199
2021-05-04 10:30:58,203 INFO Validation: [epoch:1, batch:   300/3000] loss: 0.262 , mean_IoU: 0.196
2021-05-04 10:30:58,898 INFO Validation: [epoch:1, batch:   350/3000] loss: 0.266 , mean_IoU: 0.189
2021-05-04 10:30:59,598 INFO Validation: [epoch:1, batch:   400/3000] loss: 0.266 , mean_IoU: 0.194
2021-05-04 10:31:00,305 INFO Validation: [epoch:1, batch:   450/3000] loss: 0.264 , mean_IoU: 0.190
2021-05-04 10:31:01,015 INFO Validation: [epoch:1, batch:   500/3000] loss: 0.264 , mean_IoU: 0.188
2021-05-04 10:31:01,726 INFO Validation: [epoch:1, batch:   550/3000] loss: 0.264 , mean_IoU: 0.189
2021-05-04 10:31:02,416 INFO Validation: [epoch:1, batch:   600/3000] loss: 0.265 , mean_IoU: 0.187
2021-05-04 10:31:03,109 INFO Validation: [epoch:1, batch:   650/3000] loss: 0.268 , mean_IoU: 0.186
2021-05-04 10:31:03,814 INFO Validation: [epoch:1, batch:   700/3000] loss: 0.267 , mean_IoU: 0.189
2021-05-04 10:31:04,506 INFO Validation: [epoch:1, batch:   750/3000] loss: 0.266 , mean_IoU: 0.191
2021-05-04 10:31:05,217 INFO Validation: [epoch:1, batch:   800/3000] loss: 0.269 , mean_IoU: 0.195
2021-05-04 10:31:05,921 INFO Validation: [epoch:1, batch:   850/3000] loss: 0.271 , mean_IoU: 0.194
2021-05-04 10:31:06,631 INFO Validation: [epoch:1, batch:   900/3000] loss: 0.272 , mean_IoU: 0.198
2021-05-04 10:31:07,339 INFO Validation: [epoch:1, batch:   950/3000] loss: 0.270 , mean_IoU: 0.202
2021-05-04 10:31:08,049 INFO Validation: [epoch:1, batch:  1000/3000] loss: 0.269 , mean_IoU: 0.202
2021-05-04 10:31:08,748 INFO Validation: [epoch:1, batch:  1050/3000] loss: 0.269 , mean_IoU: 0.202
2021-05-04 10:31:09,440 INFO Validation: [epoch:1, batch:  1100/3000] loss: 0.269 , mean_IoU: 0.202
2021-05-04 10:31:10,122 INFO Validation: [epoch:1, batch:  1150/3000] loss: 0.269 , mean_IoU: 0.204
2021-05-04 10:31:10,802 INFO Validation: [epoch:1, batch:  1200/3000] loss: 0.269 , mean_IoU: 0.205
2021-05-04 10:31:11,504 INFO Validation: [epoch:1, batch:  1250/3000] loss: 0.269 , mean_IoU: 0.205
2021-05-04 10:31:12,223 INFO Validation: [epoch:1, batch:  1300/3000] loss: 0.268 , mean_IoU: 0.204
2021-05-04 10:31:12,925 INFO Validation: [epoch:1, batch:  1350/3000] loss: 0.266 , mean_IoU: 0.203
2021-05-04 10:31:13,634 INFO Validation: [epoch:1, batch:  1400/3000] loss: 0.266 , mean_IoU: 0.203
2021-05-04 10:31:14,339 INFO Validation: [epoch:1, batch:  1450/3000] loss: 0.267 , mean_IoU: 0.202
2021-05-04 10:31:15,044 INFO Validation: [epoch:1, batch:  1500/3000] loss: 0.268 , mean_IoU: 0.201
2021-05-04 10:31:15,753 INFO Validation: [epoch:1, batch:  1550/3000] loss: 0.269 , mean_IoU: 0.200
2021-05-04 10:31:16,449 INFO Validation: [epoch:1, batch:  1600/3000] loss: 0.267 , mean_IoU: 0.198
2021-05-04 10:31:17,149 INFO Validation: [epoch:1, batch:  1650/3000] loss: 0.267 , mean_IoU: 0.198
2021-05-04 10:31:17,866 INFO Validation: [epoch:1, batch:  1700/3000] loss: 0.267 , mean_IoU: 0.198
2021-05-04 10:31:18,565 INFO Validation: [epoch:1, batch:  1750/3000] loss: 0.266 , mean_IoU: 0.200
2021-05-04 10:31:19,263 INFO Validation: [epoch:1, batch:  1800/3000] loss: 0.265 , mean_IoU: 0.200
2021-05-04 10:31:19,969 INFO Validation: [epoch:1, batch:  1850/3000] loss: 0.264 , mean_IoU: 0.200
2021-05-04 10:31:20,684 INFO Validation: [epoch:1, batch:  1900/3000] loss: 0.265 , mean_IoU: 0.200
2021-05-04 10:31:21,370 INFO Validation: [epoch:1, batch:  1950/3000] loss: 0.264 , mean_IoU: 0.200
2021-05-04 10:31:22,092 INFO Validation: [epoch:1, batch:  2000/3000] loss: 0.265 , mean_IoU: 0.201
2021-05-04 10:31:22,792 INFO Validation: [epoch:1, batch:  2050/3000] loss: 0.265 , mean_IoU: 0.201
2021-05-04 10:31:23,493 INFO Validation: [epoch:1, batch:  2100/3000] loss: 0.265 , mean_IoU: 0.202
2021-05-04 10:31:24,188 INFO Validation: [epoch:1, batch:  2150/3000] loss: 0.266 , mean_IoU: 0.202
2021-05-04 10:31:24,889 INFO Validation: [epoch:1, batch:  2200/3000] loss: 0.265 , mean_IoU: 0.202
2021-05-04 10:31:25,576 INFO Validation: [epoch:1, batch:  2250/3000] loss: 0.265 , mean_IoU: 0.202
2021-05-04 10:31:26,274 INFO Validation: [epoch:1, batch:  2300/3000] loss: 0.264 , mean_IoU: 0.201
2021-05-04 10:31:26,962 INFO Validation: [epoch:1, batch:  2350/3000] loss: 0.264 , mean_IoU: 0.201
2021-05-04 10:31:27,662 INFO Validation: [epoch:1, batch:  2400/3000] loss: 0.262 , mean_IoU: 0.200
2021-05-04 10:31:28,376 INFO Validation: [epoch:1, batch:  2450/3000] loss: 0.262 , mean_IoU: 0.200
2021-05-04 10:31:29,090 INFO Validation: [epoch:1, batch:  2500/3000] loss: 0.263 , mean_IoU: 0.200
2021-05-04 10:31:29,801 INFO Validation: [epoch:1, batch:  2550/3000] loss: 0.262 , mean_IoU: 0.199
2021-05-04 10:31:30,520 INFO Validation: [epoch:1, batch:  2600/3000] loss: 0.263 , mean_IoU: 0.201
2021-05-04 10:31:31,227 INFO Validation: [epoch:1, batch:  2650/3000] loss: 0.262 , mean_IoU: 0.200
2021-05-04 10:31:31,933 INFO Validation: [epoch:1, batch:  2700/3000] loss: 0.263 , mean_IoU: 0.200
2021-05-04 10:31:32,639 INFO Validation: [epoch:1, batch:  2750/3000] loss: 0.263 , mean_IoU: 0.199
2021-05-04 10:31:33,337 INFO Validation: [epoch:1, batch:  2800/3000] loss: 0.262 , mean_IoU: 0.200
2021-05-04 10:31:34,041 INFO Validation: [epoch:1, batch:  2850/3000] loss: 0.263 , mean_IoU: 0.201
2021-05-04 10:31:34,738 INFO Validation: [epoch:1, batch:  2900/3000] loss: 0.265 , mean_IoU: 0.200
2021-05-04 10:31:35,436 INFO Validation: [epoch:1, batch:  2950/3000] loss: 0.265 , mean_IoU: 0.201
2021-05-04 10:31:36,138 INFO Validation: [epoch:1, batch:  3000/3000] loss: 0.265 , mean_IoU: 0.200
2021-05-04 10:31:36,199 INFO ==> Saving BEST ... epoch0 loss0.265 miou0.200 
2021-05-04 10:31:37,232 INFO Epoch 1
2021-05-04 10:32:28,481 INFO Training: [epoch:2, batch:   100/474] loss: 0.261 , mean_IoU: 0.461
2021-05-04 10:33:18,783 INFO Training: [epoch:2, batch:   200/474] loss: 0.258 , mean_IoU: 0.455
2021-05-04 10:34:09,245 INFO Training: [epoch:2, batch:   300/474] loss: 0.259 , mean_IoU: 0.459
2021-05-04 10:34:59,586 INFO Training: [epoch:2, batch:   400/474] loss: 0.260 , mean_IoU: 0.462
2021-05-04 10:35:37,672 INFO Validation: [epoch:2, batch:    50/3000] loss: 0.242 , mean_IoU: 0.287
2021-05-04 10:35:38,369 INFO Validation: [epoch:2, batch:   100/3000] loss: 0.282 , mean_IoU: 0.338
2021-05-04 10:35:39,070 INFO Validation: [epoch:2, batch:   150/3000] loss: 0.255 , mean_IoU: 0.332
2021-05-04 10:35:39,752 INFO Validation: [epoch:2, batch:   200/3000] loss: 0.268 , mean_IoU: 0.337
2021-05-04 10:35:40,451 INFO Validation: [epoch:2, batch:   250/3000] loss: 0.264 , mean_IoU: 0.344
2021-05-04 10:35:41,154 INFO Validation: [epoch:2, batch:   300/3000] loss: 0.258 , mean_IoU: 0.345
2021-05-04 10:35:41,846 INFO Validation: [epoch:2, batch:   350/3000] loss: 0.259 , mean_IoU: 0.341
2021-05-04 10:35:42,536 INFO Validation: [epoch:2, batch:   400/3000] loss: 0.261 , mean_IoU: 0.343
2021-05-04 10:35:43,229 INFO Validation: [epoch:2, batch:   450/3000] loss: 0.258 , mean_IoU: 0.342
2021-05-04 10:35:43,927 INFO Validation: [epoch:2, batch:   500/3000] loss: 0.257 , mean_IoU: 0.341
2021-05-04 10:35:44,650 INFO Validation: [epoch:2, batch:   550/3000] loss: 0.255 , mean_IoU: 0.344
2021-05-04 10:35:45,347 INFO Validation: [epoch:2, batch:   600/3000] loss: 0.255 , mean_IoU: 0.344
2021-05-04 10:35:46,045 INFO Validation: [epoch:2, batch:   650/3000] loss: 0.258 , mean_IoU: 0.341
2021-05-04 10:35:46,766 INFO Validation: [epoch:2, batch:   700/3000] loss: 0.260 , mean_IoU: 0.340
2021-05-04 10:35:47,449 INFO Validation: [epoch:2, batch:   750/3000] loss: 0.258 , mean_IoU: 0.341
2021-05-04 10:35:48,151 INFO Validation: [epoch:2, batch:   800/3000] loss: 0.262 , mean_IoU: 0.344
2021-05-04 10:35:48,850 INFO Validation: [epoch:2, batch:   850/3000] loss: 0.262 , mean_IoU: 0.344
2021-05-04 10:35:49,559 INFO Validation: [epoch:2, batch:   900/3000] loss: 0.263 , mean_IoU: 0.348
2021-05-04 10:35:50,984 INFO Validation: [epoch:2, batch:   950/3000] loss: 0.261 , mean_IoU: 0.350
2021-05-04 10:35:51,693 INFO Validation: [epoch:2, batch:  1000/3000] loss: 0.260 , mean_IoU: 0.350
2021-05-04 10:35:52,386 INFO Validation: [epoch:2, batch:  1050/3000] loss: 0.259 , mean_IoU: 0.351
2021-05-04 10:35:53,076 INFO Validation: [epoch:2, batch:  1100/3000] loss: 0.258 , mean_IoU: 0.350
2021-05-04 10:35:53,760 INFO Validation: [epoch:2, batch:  1150/3000] loss: 0.258 , mean_IoU: 0.353
2021-05-04 10:35:54,443 INFO Validation: [epoch:2, batch:  1200/3000] loss: 0.258 , mean_IoU: 0.353
2021-05-04 10:35:55,148 INFO Validation: [epoch:2, batch:  1250/3000] loss: 0.258 , mean_IoU: 0.353
2021-05-04 10:35:55,871 INFO Validation: [epoch:2, batch:  1300/3000] loss: 0.257 , mean_IoU: 0.353
2021-05-04 10:35:56,573 INFO Validation: [epoch:2, batch:  1350/3000] loss: 0.255 , mean_IoU: 0.351
2021-05-04 10:35:57,280 INFO Validation: [epoch:2, batch:  1400/3000] loss: 0.256 , mean_IoU: 0.350
2021-05-04 10:35:57,985 INFO Validation: [epoch:2, batch:  1450/3000] loss: 0.256 , mean_IoU: 0.351
2021-05-04 10:35:58,688 INFO Validation: [epoch:2, batch:  1500/3000] loss: 0.256 , mean_IoU: 0.351
2021-05-04 10:35:59,395 INFO Validation: [epoch:2, batch:  1550/3000] loss: 0.257 , mean_IoU: 0.350
2021-05-04 10:36:00,090 INFO Validation: [epoch:2, batch:  1600/3000] loss: 0.255 , mean_IoU: 0.348
2021-05-04 10:36:00,783 INFO Validation: [epoch:2, batch:  1650/3000] loss: 0.254 , mean_IoU: 0.350
2021-05-04 10:36:01,495 INFO Validation: [epoch:2, batch:  1700/3000] loss: 0.254 , mean_IoU: 0.350
2021-05-04 10:36:02,187 INFO Validation: [epoch:2, batch:  1750/3000] loss: 0.253 , mean_IoU: 0.351
2021-05-04 10:36:02,880 INFO Validation: [epoch:2, batch:  1800/3000] loss: 0.252 , mean_IoU: 0.351
2021-05-04 10:36:03,581 INFO Validation: [epoch:2, batch:  1850/3000] loss: 0.251 , mean_IoU: 0.350
2021-05-04 10:36:04,285 INFO Validation: [epoch:2, batch:  1900/3000] loss: 0.251 , mean_IoU: 0.351
2021-05-04 10:36:04,974 INFO Validation: [epoch:2, batch:  1950/3000] loss: 0.251 , mean_IoU: 0.350
2021-05-04 10:36:05,696 INFO Validation: [epoch:2, batch:  2000/3000] loss: 0.252 , mean_IoU: 0.350
2021-05-04 10:36:06,405 INFO Validation: [epoch:2, batch:  2050/3000] loss: 0.252 , mean_IoU: 0.350
2021-05-04 10:36:07,115 INFO Validation: [epoch:2, batch:  2100/3000] loss: 0.253 , mean_IoU: 0.351
2021-05-04 10:36:07,818 INFO Validation: [epoch:2, batch:  2150/3000] loss: 0.253 , mean_IoU: 0.349
2021-05-04 10:36:08,516 INFO Validation: [epoch:2, batch:  2200/3000] loss: 0.253 , mean_IoU: 0.351
2021-05-04 10:36:09,204 INFO Validation: [epoch:2, batch:  2250/3000] loss: 0.252 , mean_IoU: 0.350
2021-05-04 10:36:09,906 INFO Validation: [epoch:2, batch:  2300/3000] loss: 0.251 , mean_IoU: 0.350
2021-05-04 10:36:10,594 INFO Validation: [epoch:2, batch:  2350/3000] loss: 0.251 , mean_IoU: 0.348
2021-05-04 10:36:11,289 INFO Validation: [epoch:2, batch:  2400/3000] loss: 0.250 , mean_IoU: 0.348
2021-05-04 10:36:11,994 INFO Validation: [epoch:2, batch:  2450/3000] loss: 0.249 , mean_IoU: 0.349
2021-05-04 10:36:12,700 INFO Validation: [epoch:2, batch:  2500/3000] loss: 0.250 , mean_IoU: 0.349
2021-05-04 10:36:13,392 INFO Validation: [epoch:2, batch:  2550/3000] loss: 0.249 , mean_IoU: 0.348
2021-05-04 10:36:14,094 INFO Validation: [epoch:2, batch:  2600/3000] loss: 0.250 , mean_IoU: 0.349
2021-05-04 10:36:14,787 INFO Validation: [epoch:2, batch:  2650/3000] loss: 0.250 , mean_IoU: 0.348
2021-05-04 10:36:15,482 INFO Validation: [epoch:2, batch:  2700/3000] loss: 0.250 , mean_IoU: 0.348
2021-05-04 10:36:16,175 INFO Validation: [epoch:2, batch:  2750/3000] loss: 0.250 , mean_IoU: 0.347
2021-05-04 10:36:16,862 INFO Validation: [epoch:2, batch:  2800/3000] loss: 0.250 , mean_IoU: 0.348
2021-05-04 10:36:17,557 INFO Validation: [epoch:2, batch:  2850/3000] loss: 0.250 , mean_IoU: 0.349
2021-05-04 10:36:18,248 INFO Validation: [epoch:2, batch:  2900/3000] loss: 0.252 , mean_IoU: 0.348
2021-05-04 10:36:18,944 INFO Validation: [epoch:2, batch:  2950/3000] loss: 0.251 , mean_IoU: 0.349
2021-05-04 10:36:19,648 INFO Validation: [epoch:2, batch:  3000/3000] loss: 0.251 , mean_IoU: 0.348
2021-05-04 10:36:19,708 INFO ==> Saving BEST ... epoch1 loss0.251 miou0.348 
2021-05-04 10:36:20,754 INFO Epoch 2
2021-05-04 10:37:11,513 INFO Training: [epoch:3, batch:   100/474] loss: 0.255 , mean_IoU: 0.483
2021-05-04 10:38:01,690 INFO Training: [epoch:3, batch:   200/474] loss: 0.249 , mean_IoU: 0.481
2021-05-04 10:38:52,139 INFO Training: [epoch:3, batch:   300/474] loss: 0.246 , mean_IoU: 0.485
2021-05-04 10:39:42,593 INFO Training: [epoch:3, batch:   400/474] loss: 0.248 , mean_IoU: 0.487
2021-05-04 10:40:20,824 INFO Validation: [epoch:3, batch:    50/3000] loss: 0.222 , mean_IoU: 0.286
2021-05-04 10:40:21,529 INFO Validation: [epoch:3, batch:   100/3000] loss: 0.269 , mean_IoU: 0.335
2021-05-04 10:40:22,244 INFO Validation: [epoch:3, batch:   150/3000] loss: 0.243 , mean_IoU: 0.329
2021-05-04 10:40:22,935 INFO Validation: [epoch:3, batch:   200/3000] loss: 0.252 , mean_IoU: 0.333
2021-05-04 10:40:23,641 INFO Validation: [epoch:3, batch:   250/3000] loss: 0.249 , mean_IoU: 0.338
2021-05-04 10:40:24,363 INFO Validation: [epoch:3, batch:   300/3000] loss: 0.243 , mean_IoU: 0.339
2021-05-04 10:40:25,070 INFO Validation: [epoch:3, batch:   350/3000] loss: 0.244 , mean_IoU: 0.335
2021-05-04 10:40:25,777 INFO Validation: [epoch:3, batch:   400/3000] loss: 0.245 , mean_IoU: 0.339
2021-05-04 10:40:26,479 INFO Validation: [epoch:3, batch:   450/3000] loss: 0.243 , mean_IoU: 0.338
2021-05-04 10:40:27,186 INFO Validation: [epoch:3, batch:   500/3000] loss: 0.244 , mean_IoU: 0.336
2021-05-04 10:40:27,906 INFO Validation: [epoch:3, batch:   550/3000] loss: 0.241 , mean_IoU: 0.340
2021-05-04 10:40:28,604 INFO Validation: [epoch:3, batch:   600/3000] loss: 0.242 , mean_IoU: 0.338
2021-05-04 10:40:29,303 INFO Validation: [epoch:3, batch:   650/3000] loss: 0.245 , mean_IoU: 0.334
2021-05-04 10:40:30,014 INFO Validation: [epoch:3, batch:   700/3000] loss: 0.246 , mean_IoU: 0.335
2021-05-04 10:40:30,703 INFO Validation: [epoch:3, batch:   750/3000] loss: 0.245 , mean_IoU: 0.336
2021-05-04 10:40:31,407 INFO Validation: [epoch:3, batch:   800/3000] loss: 0.248 , mean_IoU: 0.338
2021-05-04 10:40:32,096 INFO Validation: [epoch:3, batch:   850/3000] loss: 0.248 , mean_IoU: 0.339
2021-05-04 10:40:32,798 INFO Validation: [epoch:3, batch:   900/3000] loss: 0.249 , mean_IoU: 0.343
2021-05-04 10:40:33,514 INFO Validation: [epoch:3, batch:   950/3000] loss: 0.248 , mean_IoU: 0.347
2021-05-04 10:40:34,226 INFO Validation: [epoch:3, batch:  1000/3000] loss: 0.246 , mean_IoU: 0.347
2021-05-04 10:40:34,919 INFO Validation: [epoch:3, batch:  1050/3000] loss: 0.246 , mean_IoU: 0.348
2021-05-04 10:40:35,612 INFO Validation: [epoch:3, batch:  1100/3000] loss: 0.246 , mean_IoU: 0.346
2021-05-04 10:40:36,307 INFO Validation: [epoch:3, batch:  1150/3000] loss: 0.245 , mean_IoU: 0.349
2021-05-04 10:40:36,990 INFO Validation: [epoch:3, batch:  1200/3000] loss: 0.245 , mean_IoU: 0.350
2021-05-04 10:40:37,687 INFO Validation: [epoch:3, batch:  1250/3000] loss: 0.246 , mean_IoU: 0.350
2021-05-04 10:40:38,401 INFO Validation: [epoch:3, batch:  1300/3000] loss: 0.245 , mean_IoU: 0.349
2021-05-04 10:40:39,095 INFO Validation: [epoch:3, batch:  1350/3000] loss: 0.243 , mean_IoU: 0.348
2021-05-04 10:40:39,798 INFO Validation: [epoch:3, batch:  1400/3000] loss: 0.244 , mean_IoU: 0.347
2021-05-04 10:40:40,500 INFO Validation: [epoch:3, batch:  1450/3000] loss: 0.244 , mean_IoU: 0.347
2021-05-04 10:40:41,202 INFO Validation: [epoch:3, batch:  1500/3000] loss: 0.245 , mean_IoU: 0.347
2021-05-04 10:40:41,906 INFO Validation: [epoch:3, batch:  1550/3000] loss: 0.245 , mean_IoU: 0.346
2021-05-04 10:40:42,600 INFO Validation: [epoch:3, batch:  1600/3000] loss: 0.244 , mean_IoU: 0.344
2021-05-04 10:40:43,298 INFO Validation: [epoch:3, batch:  1650/3000] loss: 0.243 , mean_IoU: 0.346
2021-05-04 10:40:44,009 INFO Validation: [epoch:3, batch:  1700/3000] loss: 0.243 , mean_IoU: 0.346
2021-05-04 10:40:44,705 INFO Validation: [epoch:3, batch:  1750/3000] loss: 0.242 , mean_IoU: 0.347
2021-05-04 10:40:45,399 INFO Validation: [epoch:3, batch:  1800/3000] loss: 0.241 , mean_IoU: 0.347
2021-05-04 10:40:46,106 INFO Validation: [epoch:3, batch:  1850/3000] loss: 0.240 , mean_IoU: 0.347
2021-05-04 10:40:46,812 INFO Validation: [epoch:3, batch:  1900/3000] loss: 0.240 , mean_IoU: 0.347
2021-05-04 10:40:47,511 INFO Validation: [epoch:3, batch:  1950/3000] loss: 0.240 , mean_IoU: 0.347
2021-05-04 10:40:48,237 INFO Validation: [epoch:3, batch:  2000/3000] loss: 0.241 , mean_IoU: 0.348
2021-05-04 10:40:48,940 INFO Validation: [epoch:3, batch:  2050/3000] loss: 0.241 , mean_IoU: 0.348
2021-05-04 10:40:49,641 INFO Validation: [epoch:3, batch:  2100/3000] loss: 0.242 , mean_IoU: 0.349
2021-05-04 10:40:51,022 INFO Validation: [epoch:3, batch:  2150/3000] loss: 0.242 , mean_IoU: 0.348
2021-05-04 10:40:51,880 INFO Validation: [epoch:3, batch:  2200/3000] loss: 0.241 , mean_IoU: 0.348
2021-05-04 10:40:52,579 INFO Validation: [epoch:3, batch:  2250/3000] loss: 0.241 , mean_IoU: 0.348
2021-05-04 10:40:53,291 INFO Validation: [epoch:3, batch:  2300/3000] loss: 0.240 , mean_IoU: 0.347
2021-05-04 10:40:53,984 INFO Validation: [epoch:3, batch:  2350/3000] loss: 0.240 , mean_IoU: 0.346
2021-05-04 10:40:54,674 INFO Validation: [epoch:3, batch:  2400/3000] loss: 0.239 , mean_IoU: 0.345
2021-05-04 10:40:55,371 INFO Validation: [epoch:3, batch:  2450/3000] loss: 0.239 , mean_IoU: 0.346
2021-05-04 10:40:56,070 INFO Validation: [epoch:3, batch:  2500/3000] loss: 0.239 , mean_IoU: 0.345
2021-05-04 10:40:56,761 INFO Validation: [epoch:3, batch:  2550/3000] loss: 0.238 , mean_IoU: 0.345
2021-05-04 10:40:58,300 INFO Validation: [epoch:3, batch:  2600/3000] loss: 0.239 , mean_IoU: 0.346
2021-05-04 10:40:58,996 INFO Validation: [epoch:3, batch:  2650/3000] loss: 0.239 , mean_IoU: 0.345
2021-05-04 10:40:59,688 INFO Validation: [epoch:3, batch:  2700/3000] loss: 0.239 , mean_IoU: 0.345
2021-05-04 10:41:00,377 INFO Validation: [epoch:3, batch:  2750/3000] loss: 0.239 , mean_IoU: 0.343
2021-05-04 10:41:01,062 INFO Validation: [epoch:3, batch:  2800/3000] loss: 0.239 , mean_IoU: 0.345
2021-05-04 10:41:01,755 INFO Validation: [epoch:3, batch:  2850/3000] loss: 0.239 , mean_IoU: 0.345
2021-05-04 10:41:02,445 INFO Validation: [epoch:3, batch:  2900/3000] loss: 0.241 , mean_IoU: 0.345
2021-05-04 10:41:03,138 INFO Validation: [epoch:3, batch:  2950/3000] loss: 0.241 , mean_IoU: 0.346
2021-05-04 10:41:03,837 INFO Validation: [epoch:3, batch:  3000/3000] loss: 0.240 , mean_IoU: 0.345
2021-05-04 10:41:03,888 INFO ==> Saving BEST ... epoch2 loss0.240 miou0.345 
2021-05-04 10:41:04,922 INFO Epoch 3
2021-05-04 10:41:55,684 INFO Training: [epoch:4, batch:   100/474] loss: 0.242 , mean_IoU: 0.510
2021-05-04 10:42:45,803 INFO Training: [epoch:4, batch:   200/474] loss: 0.242 , mean_IoU: 0.505
2021-05-04 10:43:35,921 INFO Training: [epoch:4, batch:   300/474] loss: 0.241 , mean_IoU: 0.504
2021-05-04 10:44:26,023 INFO Training: [epoch:4, batch:   400/474] loss: 0.242 , mean_IoU: 0.504
2021-05-04 10:45:04,850 INFO Validation: [epoch:4, batch:    50/3000] loss: 0.218 , mean_IoU: 0.279
2021-05-04 10:45:05,564 INFO Validation: [epoch:4, batch:   100/3000] loss: 0.259 , mean_IoU: 0.330
2021-05-04 10:45:06,272 INFO Validation: [epoch:4, batch:   150/3000] loss: 0.234 , mean_IoU: 0.335
2021-05-04 10:45:06,963 INFO Validation: [epoch:4, batch:   200/3000] loss: 0.244 , mean_IoU: 0.338
2021-05-04 10:45:07,675 INFO Validation: [epoch:4, batch:   250/3000] loss: 0.241 , mean_IoU: 0.346
2021-05-04 10:45:08,381 INFO Validation: [epoch:4, batch:   300/3000] loss: 0.237 , mean_IoU: 0.348
2021-05-04 10:45:09,081 INFO Validation: [epoch:4, batch:   350/3000] loss: 0.239 , mean_IoU: 0.343
2021-05-04 10:45:09,778 INFO Validation: [epoch:4, batch:   400/3000] loss: 0.240 , mean_IoU: 0.347
2021-05-04 10:45:10,472 INFO Validation: [epoch:4, batch:   450/3000] loss: 0.237 , mean_IoU: 0.345
2021-05-04 10:45:11,174 INFO Validation: [epoch:4, batch:   500/3000] loss: 0.238 , mean_IoU: 0.343
2021-05-04 10:45:11,890 INFO Validation: [epoch:4, batch:   550/3000] loss: 0.238 , mean_IoU: 0.345
2021-05-04 10:45:12,595 INFO Validation: [epoch:4, batch:   600/3000] loss: 0.239 , mean_IoU: 0.342
2021-05-04 10:45:13,302 INFO Validation: [epoch:4, batch:   650/3000] loss: 0.243 , mean_IoU: 0.339
2021-05-04 10:45:14,021 INFO Validation: [epoch:4, batch:   700/3000] loss: 0.243 , mean_IoU: 0.341
2021-05-04 10:45:14,709 INFO Validation: [epoch:4, batch:   750/3000] loss: 0.242 , mean_IoU: 0.342
2021-05-04 10:45:15,413 INFO Validation: [epoch:4, batch:   800/3000] loss: 0.245 , mean_IoU: 0.345
2021-05-04 10:45:16,110 INFO Validation: [epoch:4, batch:   850/3000] loss: 0.245 , mean_IoU: 0.345
2021-05-04 10:45:16,816 INFO Validation: [epoch:4, batch:   900/3000] loss: 0.246 , mean_IoU: 0.349
2021-05-04 10:45:17,528 INFO Validation: [epoch:4, batch:   950/3000] loss: 0.243 , mean_IoU: 0.353
2021-05-04 10:45:18,234 INFO Validation: [epoch:4, batch:  1000/3000] loss: 0.242 , mean_IoU: 0.352
2021-05-04 10:45:18,931 INFO Validation: [epoch:4, batch:  1050/3000] loss: 0.242 , mean_IoU: 0.353
2021-05-04 10:45:19,625 INFO Validation: [epoch:4, batch:  1100/3000] loss: 0.243 , mean_IoU: 0.352
2021-05-04 10:45:20,315 INFO Validation: [epoch:4, batch:  1150/3000] loss: 0.243 , mean_IoU: 0.354
2021-05-04 10:45:20,998 INFO Validation: [epoch:4, batch:  1200/3000] loss: 0.242 , mean_IoU: 0.355
2021-05-04 10:45:21,697 INFO Validation: [epoch:4, batch:  1250/3000] loss: 0.243 , mean_IoU: 0.355
2021-05-04 10:45:22,415 INFO Validation: [epoch:4, batch:  1300/3000] loss: 0.242 , mean_IoU: 0.355
2021-05-04 10:45:23,115 INFO Validation: [epoch:4, batch:  1350/3000] loss: 0.240 , mean_IoU: 0.353
2021-05-04 10:45:23,818 INFO Validation: [epoch:4, batch:  1400/3000] loss: 0.240 , mean_IoU: 0.352
2021-05-04 10:45:24,520 INFO Validation: [epoch:4, batch:  1450/3000] loss: 0.241 , mean_IoU: 0.352
2021-05-04 10:45:25,226 INFO Validation: [epoch:4, batch:  1500/3000] loss: 0.242 , mean_IoU: 0.351
2021-05-04 10:45:25,929 INFO Validation: [epoch:4, batch:  1550/3000] loss: 0.243 , mean_IoU: 0.350
2021-05-04 10:45:26,629 INFO Validation: [epoch:4, batch:  1600/3000] loss: 0.241 , mean_IoU: 0.348
2021-05-04 10:45:27,317 INFO Validation: [epoch:4, batch:  1650/3000] loss: 0.240 , mean_IoU: 0.349
2021-05-04 10:45:28,022 INFO Validation: [epoch:4, batch:  1700/3000] loss: 0.241 , mean_IoU: 0.349
2021-05-04 10:45:28,715 INFO Validation: [epoch:4, batch:  1750/3000] loss: 0.239 , mean_IoU: 0.351
2021-05-04 10:45:29,413 INFO Validation: [epoch:4, batch:  1800/3000] loss: 0.238 , mean_IoU: 0.351
2021-05-04 10:45:30,115 INFO Validation: [epoch:4, batch:  1850/3000] loss: 0.238 , mean_IoU: 0.351
2021-05-04 10:45:30,818 INFO Validation: [epoch:4, batch:  1900/3000] loss: 0.238 , mean_IoU: 0.352
2021-05-04 10:45:31,506 INFO Validation: [epoch:4, batch:  1950/3000] loss: 0.237 , mean_IoU: 0.351
2021-05-04 10:45:32,228 INFO Validation: [epoch:4, batch:  2000/3000] loss: 0.238 , mean_IoU: 0.351
2021-05-04 10:45:32,936 INFO Validation: [epoch:4, batch:  2050/3000] loss: 0.238 , mean_IoU: 0.352
2021-05-04 10:45:33,647 INFO Validation: [epoch:4, batch:  2100/3000] loss: 0.238 , mean_IoU: 0.353
2021-05-04 10:45:34,351 INFO Validation: [epoch:4, batch:  2150/3000] loss: 0.238 , mean_IoU: 0.352
2021-05-04 10:45:35,050 INFO Validation: [epoch:4, batch:  2200/3000] loss: 0.238 , mean_IoU: 0.354
2021-05-04 10:45:35,744 INFO Validation: [epoch:4, batch:  2250/3000] loss: 0.237 , mean_IoU: 0.354
2021-05-04 10:45:36,447 INFO Validation: [epoch:4, batch:  2300/3000] loss: 0.237 , mean_IoU: 0.353
2021-05-04 10:45:37,135 INFO Validation: [epoch:4, batch:  2350/3000] loss: 0.237 , mean_IoU: 0.352
2021-05-04 10:45:37,828 INFO Validation: [epoch:4, batch:  2400/3000] loss: 0.235 , mean_IoU: 0.352
2021-05-04 10:45:38,537 INFO Validation: [epoch:4, batch:  2450/3000] loss: 0.235 , mean_IoU: 0.352
2021-05-04 10:45:39,246 INFO Validation: [epoch:4, batch:  2500/3000] loss: 0.236 , mean_IoU: 0.352
2021-05-04 10:45:39,945 INFO Validation: [epoch:4, batch:  2550/3000] loss: 0.235 , mean_IoU: 0.351
2021-05-04 10:45:40,655 INFO Validation: [epoch:4, batch:  2600/3000] loss: 0.235 , mean_IoU: 0.352
2021-05-04 10:45:41,374 INFO Validation: [epoch:4, batch:  2650/3000] loss: 0.235 , mean_IoU: 0.352
2021-05-04 10:45:42,076 INFO Validation: [epoch:4, batch:  2700/3000] loss: 0.236 , mean_IoU: 0.352
2021-05-04 10:45:42,784 INFO Validation: [epoch:4, batch:  2750/3000] loss: 0.236 , mean_IoU: 0.351
2021-05-04 10:45:43,472 INFO Validation: [epoch:4, batch:  2800/3000] loss: 0.235 , mean_IoU: 0.353
2021-05-04 10:45:44,166 INFO Validation: [epoch:4, batch:  2850/3000] loss: 0.236 , mean_IoU: 0.353
2021-05-04 10:45:44,857 INFO Validation: [epoch:4, batch:  2900/3000] loss: 0.238 , mean_IoU: 0.353
2021-05-04 10:45:45,553 INFO Validation: [epoch:4, batch:  2950/3000] loss: 0.238 , mean_IoU: 0.353
2021-05-04 10:45:46,260 INFO Validation: [epoch:4, batch:  3000/3000] loss: 0.238 , mean_IoU: 0.352
2021-05-04 10:45:46,311 INFO ==> Saving BEST ... epoch3 loss0.238 miou0.352 
2021-05-04 10:45:47,324 INFO Epoch 4
2021-05-04 10:46:38,381 INFO Training: [epoch:5, batch:   100/474] loss: 0.233 , mean_IoU: 0.505
2021-05-04 10:47:28,503 INFO Training: [epoch:5, batch:   200/474] loss: 0.234 , mean_IoU: 0.514
2021-05-04 10:48:18,630 INFO Training: [epoch:5, batch:   300/474] loss: 0.233 , mean_IoU: 0.513
2021-05-04 10:49:08,918 INFO Training: [epoch:5, batch:   400/474] loss: 0.235 , mean_IoU: 0.513
2021-05-04 10:49:47,371 INFO Validation: [epoch:5, batch:    50/3000] loss: 0.213 , mean_IoU: 0.301
2021-05-04 10:49:48,071 INFO Validation: [epoch:5, batch:   100/3000] loss: 0.260 , mean_IoU: 0.348
2021-05-04 10:49:48,777 INFO Validation: [epoch:5, batch:   150/3000] loss: 0.234 , mean_IoU: 0.356
2021-05-04 10:49:49,464 INFO Validation: [epoch:5, batch:   200/3000] loss: 0.244 , mean_IoU: 0.360
2021-05-04 10:49:50,173 INFO Validation: [epoch:5, batch:   250/3000] loss: 0.240 , mean_IoU: 0.367
2021-05-04 10:49:50,887 INFO Validation: [epoch:5, batch:   300/3000] loss: 0.236 , mean_IoU: 0.371
2021-05-04 10:49:51,588 INFO Validation: [epoch:5, batch:   350/3000] loss: 0.239 , mean_IoU: 0.365
2021-05-04 10:49:52,282 INFO Validation: [epoch:5, batch:   400/3000] loss: 0.240 , mean_IoU: 0.368
2021-05-04 10:49:52,975 INFO Validation: [epoch:5, batch:   450/3000] loss: 0.239 , mean_IoU: 0.366
2021-05-04 10:49:53,671 INFO Validation: [epoch:5, batch:   500/3000] loss: 0.239 , mean_IoU: 0.363
2021-05-04 10:49:54,379 INFO Validation: [epoch:5, batch:   550/3000] loss: 0.238 , mean_IoU: 0.367
2021-05-04 10:49:55,071 INFO Validation: [epoch:5, batch:   600/3000] loss: 0.237 , mean_IoU: 0.365
2021-05-04 10:49:55,768 INFO Validation: [epoch:5, batch:   650/3000] loss: 0.240 , mean_IoU: 0.361
2021-05-04 10:49:56,478 INFO Validation: [epoch:5, batch:   700/3000] loss: 0.240 , mean_IoU: 0.362
2021-05-04 10:49:57,162 INFO Validation: [epoch:5, batch:   750/3000] loss: 0.238 , mean_IoU: 0.363
2021-05-04 10:49:57,862 INFO Validation: [epoch:5, batch:   800/3000] loss: 0.241 , mean_IoU: 0.366
2021-05-04 10:49:58,554 INFO Validation: [epoch:5, batch:   850/3000] loss: 0.242 , mean_IoU: 0.365
2021-05-04 10:49:59,258 INFO Validation: [epoch:5, batch:   900/3000] loss: 0.243 , mean_IoU: 0.369
2021-05-04 10:49:59,963 INFO Validation: [epoch:5, batch:   950/3000] loss: 0.242 , mean_IoU: 0.373
2021-05-04 10:50:00,667 INFO Validation: [epoch:5, batch:  1000/3000] loss: 0.240 , mean_IoU: 0.373
2021-05-04 10:50:01,363 INFO Validation: [epoch:5, batch:  1050/3000] loss: 0.240 , mean_IoU: 0.374
2021-05-04 10:50:02,060 INFO Validation: [epoch:5, batch:  1100/3000] loss: 0.240 , mean_IoU: 0.373
2021-05-04 10:50:02,745 INFO Validation: [epoch:5, batch:  1150/3000] loss: 0.240 , mean_IoU: 0.375
2021-05-04 10:50:03,435 INFO Validation: [epoch:5, batch:  1200/3000] loss: 0.240 , mean_IoU: 0.375
2021-05-04 10:50:04,134 INFO Validation: [epoch:5, batch:  1250/3000] loss: 0.240 , mean_IoU: 0.375
2021-05-04 10:50:04,846 INFO Validation: [epoch:5, batch:  1300/3000] loss: 0.239 , mean_IoU: 0.375
2021-05-04 10:50:05,543 INFO Validation: [epoch:5, batch:  1350/3000] loss: 0.238 , mean_IoU: 0.373
2021-05-04 10:50:06,248 INFO Validation: [epoch:5, batch:  1400/3000] loss: 0.238 , mean_IoU: 0.373
2021-05-04 10:50:06,954 INFO Validation: [epoch:5, batch:  1450/3000] loss: 0.239 , mean_IoU: 0.373
2021-05-04 10:50:07,658 INFO Validation: [epoch:5, batch:  1500/3000] loss: 0.239 , mean_IoU: 0.372
2021-05-04 10:50:08,362 INFO Validation: [epoch:5, batch:  1550/3000] loss: 0.239 , mean_IoU: 0.371
2021-05-04 10:50:09,055 INFO Validation: [epoch:5, batch:  1600/3000] loss: 0.238 , mean_IoU: 0.370
2021-05-04 10:50:09,741 INFO Validation: [epoch:5, batch:  1650/3000] loss: 0.237 , mean_IoU: 0.371
2021-05-04 10:50:11,196 INFO Validation: [epoch:5, batch:  1700/3000] loss: 0.237 , mean_IoU: 0.371
2021-05-04 10:50:11,885 INFO Validation: [epoch:5, batch:  1750/3000] loss: 0.236 , mean_IoU: 0.373
2021-05-04 10:50:12,583 INFO Validation: [epoch:5, batch:  1800/3000] loss: 0.235 , mean_IoU: 0.373
2021-05-04 10:50:13,293 INFO Validation: [epoch:5, batch:  1850/3000] loss: 0.234 , mean_IoU: 0.373
2021-05-04 10:50:14,012 INFO Validation: [epoch:5, batch:  1900/3000] loss: 0.234 , mean_IoU: 0.373
2021-05-04 10:50:14,709 INFO Validation: [epoch:5, batch:  1950/3000] loss: 0.234 , mean_IoU: 0.373
2021-05-04 10:50:15,436 INFO Validation: [epoch:5, batch:  2000/3000] loss: 0.235 , mean_IoU: 0.373
2021-05-04 10:50:16,140 INFO Validation: [epoch:5, batch:  2050/3000] loss: 0.234 , mean_IoU: 0.373
2021-05-04 10:50:16,840 INFO Validation: [epoch:5, batch:  2100/3000] loss: 0.235 , mean_IoU: 0.374
2021-05-04 10:50:17,532 INFO Validation: [epoch:5, batch:  2150/3000] loss: 0.235 , mean_IoU: 0.373
2021-05-04 10:50:18,224 INFO Validation: [epoch:5, batch:  2200/3000] loss: 0.235 , mean_IoU: 0.375
2021-05-04 10:50:18,906 INFO Validation: [epoch:5, batch:  2250/3000] loss: 0.235 , mean_IoU: 0.375
2021-05-04 10:50:19,620 INFO Validation: [epoch:5, batch:  2300/3000] loss: 0.234 , mean_IoU: 0.373
2021-05-04 10:50:20,312 INFO Validation: [epoch:5, batch:  2350/3000] loss: 0.234 , mean_IoU: 0.372
2021-05-04 10:50:20,995 INFO Validation: [epoch:5, batch:  2400/3000] loss: 0.232 , mean_IoU: 0.372
2021-05-04 10:50:21,688 INFO Validation: [epoch:5, batch:  2450/3000] loss: 0.232 , mean_IoU: 0.373
2021-05-04 10:50:22,384 INFO Validation: [epoch:5, batch:  2500/3000] loss: 0.233 , mean_IoU: 0.372
2021-05-04 10:50:23,077 INFO Validation: [epoch:5, batch:  2550/3000] loss: 0.232 , mean_IoU: 0.371
2021-05-04 10:50:23,769 INFO Validation: [epoch:5, batch:  2600/3000] loss: 0.233 , mean_IoU: 0.372
2021-05-04 10:50:24,459 INFO Validation: [epoch:5, batch:  2650/3000] loss: 0.232 , mean_IoU: 0.372
2021-05-04 10:50:25,164 INFO Validation: [epoch:5, batch:  2700/3000] loss: 0.233 , mean_IoU: 0.372
2021-05-04 10:50:25,863 INFO Validation: [epoch:5, batch:  2750/3000] loss: 0.233 , mean_IoU: 0.370
2021-05-04 10:50:26,551 INFO Validation: [epoch:5, batch:  2800/3000] loss: 0.232 , mean_IoU: 0.372
2021-05-04 10:50:27,249 INFO Validation: [epoch:5, batch:  2850/3000] loss: 0.233 , mean_IoU: 0.372
2021-05-04 10:50:27,935 INFO Validation: [epoch:5, batch:  2900/3000] loss: 0.234 , mean_IoU: 0.372
2021-05-04 10:50:28,635 INFO Validation: [epoch:5, batch:  2950/3000] loss: 0.234 , mean_IoU: 0.373
2021-05-04 10:50:29,343 INFO Validation: [epoch:5, batch:  3000/3000] loss: 0.234 , mean_IoU: 0.373
2021-05-04 10:50:29,395 INFO ==> Saving BEST ... epoch4 loss0.234 miou0.373 
2021-05-04 10:50:30,547 INFO Epoch 5
2021-05-04 10:51:21,363 INFO Training: [epoch:6, batch:   100/474] loss: 0.229 , mean_IoU: 0.533
2021-05-04 10:52:11,467 INFO Training: [epoch:6, batch:   200/474] loss: 0.228 , mean_IoU: 0.528
2021-05-04 10:53:01,531 INFO Training: [epoch:6, batch:   300/474] loss: 0.230 , mean_IoU: 0.523
2021-05-04 10:53:51,831 INFO Training: [epoch:6, batch:   400/474] loss: 0.230 , mean_IoU: 0.523
2021-05-04 10:54:30,133 INFO Validation: [epoch:6, batch:    50/3000] loss: 0.207 , mean_IoU: 0.247
2021-05-04 10:54:30,840 INFO Validation: [epoch:6, batch:   100/3000] loss: 0.259 , mean_IoU: 0.300
2021-05-04 10:54:31,551 INFO Validation: [epoch:6, batch:   150/3000] loss: 0.231 , mean_IoU: 0.296
2021-05-04 10:54:32,245 INFO Validation: [epoch:6, batch:   200/3000] loss: 0.240 , mean_IoU: 0.301
2021-05-04 10:54:32,955 INFO Validation: [epoch:6, batch:   250/3000] loss: 0.237 , mean_IoU: 0.313
2021-05-04 10:54:33,668 INFO Validation: [epoch:6, batch:   300/3000] loss: 0.233 , mean_IoU: 0.311
2021-05-04 10:54:34,373 INFO Validation: [epoch:6, batch:   350/3000] loss: 0.235 , mean_IoU: 0.302
2021-05-04 10:54:35,064 INFO Validation: [epoch:6, batch:   400/3000] loss: 0.236 , mean_IoU: 0.306
2021-05-04 10:54:35,757 INFO Validation: [epoch:6, batch:   450/3000] loss: 0.234 , mean_IoU: 0.305
2021-05-04 10:54:36,456 INFO Validation: [epoch:6, batch:   500/3000] loss: 0.235 , mean_IoU: 0.302
2021-05-04 10:54:37,170 INFO Validation: [epoch:6, batch:   550/3000] loss: 0.234 , mean_IoU: 0.306
2021-05-04 10:54:37,866 INFO Validation: [epoch:6, batch:   600/3000] loss: 0.233 , mean_IoU: 0.304
2021-05-04 10:54:38,562 INFO Validation: [epoch:6, batch:   650/3000] loss: 0.238 , mean_IoU: 0.301
2021-05-04 10:54:39,274 INFO Validation: [epoch:6, batch:   700/3000] loss: 0.237 , mean_IoU: 0.303
2021-05-04 10:54:39,956 INFO Validation: [epoch:6, batch:   750/3000] loss: 0.235 , mean_IoU: 0.304
2021-05-04 10:54:40,657 INFO Validation: [epoch:6, batch:   800/3000] loss: 0.239 , mean_IoU: 0.308
2021-05-04 10:54:41,350 INFO Validation: [epoch:6, batch:   850/3000] loss: 0.240 , mean_IoU: 0.307
2021-05-04 10:54:42,056 INFO Validation: [epoch:6, batch:   900/3000] loss: 0.241 , mean_IoU: 0.311
2021-05-04 10:54:42,764 INFO Validation: [epoch:6, batch:   950/3000] loss: 0.239 , mean_IoU: 0.314
2021-05-04 10:54:43,469 INFO Validation: [epoch:6, batch:  1000/3000] loss: 0.238 , mean_IoU: 0.314
2021-05-04 10:54:44,169 INFO Validation: [epoch:6, batch:  1050/3000] loss: 0.238 , mean_IoU: 0.315
2021-05-04 10:54:44,860 INFO Validation: [epoch:6, batch:  1100/3000] loss: 0.239 , mean_IoU: 0.314
2021-05-04 10:54:45,543 INFO Validation: [epoch:6, batch:  1150/3000] loss: 0.238 , mean_IoU: 0.317
2021-05-04 10:54:46,220 INFO Validation: [epoch:6, batch:  1200/3000] loss: 0.238 , mean_IoU: 0.317
2021-05-04 10:54:46,913 INFO Validation: [epoch:6, batch:  1250/3000] loss: 0.238 , mean_IoU: 0.317
2021-05-04 10:54:47,620 INFO Validation: [epoch:6, batch:  1300/3000] loss: 0.237 , mean_IoU: 0.317
2021-05-04 10:54:48,311 INFO Validation: [epoch:6, batch:  1350/3000] loss: 0.235 , mean_IoU: 0.315
2021-05-04 10:54:49,009 INFO Validation: [epoch:6, batch:  1400/3000] loss: 0.235 , mean_IoU: 0.314
2021-05-04 10:54:49,706 INFO Validation: [epoch:6, batch:  1450/3000] loss: 0.236 , mean_IoU: 0.314
2021-05-04 10:54:50,402 INFO Validation: [epoch:6, batch:  1500/3000] loss: 0.237 , mean_IoU: 0.313
2021-05-04 10:54:51,105 INFO Validation: [epoch:6, batch:  1550/3000] loss: 0.237 , mean_IoU: 0.312
2021-05-04 10:54:51,797 INFO Validation: [epoch:6, batch:  1600/3000] loss: 0.236 , mean_IoU: 0.310
2021-05-04 10:54:52,486 INFO Validation: [epoch:6, batch:  1650/3000] loss: 0.235 , mean_IoU: 0.312
2021-05-04 10:54:53,196 INFO Validation: [epoch:6, batch:  1700/3000] loss: 0.235 , mean_IoU: 0.312
2021-05-04 10:54:53,897 INFO Validation: [epoch:6, batch:  1750/3000] loss: 0.234 , mean_IoU: 0.314
2021-05-04 10:54:54,600 INFO Validation: [epoch:6, batch:  1800/3000] loss: 0.233 , mean_IoU: 0.313
2021-05-04 10:54:55,308 INFO Validation: [epoch:6, batch:  1850/3000] loss: 0.232 , mean_IoU: 0.312
2021-05-04 10:54:56,016 INFO Validation: [epoch:6, batch:  1900/3000] loss: 0.232 , mean_IoU: 0.313
2021-05-04 10:54:56,706 INFO Validation: [epoch:6, batch:  1950/3000] loss: 0.232 , mean_IoU: 0.312
2021-05-04 10:54:57,425 INFO Validation: [epoch:6, batch:  2000/3000] loss: 0.233 , mean_IoU: 0.312
2021-05-04 10:54:58,124 INFO Validation: [epoch:6, batch:  2050/3000] loss: 0.233 , mean_IoU: 0.313
2021-05-04 10:54:58,826 INFO Validation: [epoch:6, batch:  2100/3000] loss: 0.234 , mean_IoU: 0.313
2021-05-04 10:54:59,520 INFO Validation: [epoch:6, batch:  2150/3000] loss: 0.234 , mean_IoU: 0.313
2021-05-04 10:55:00,213 INFO Validation: [epoch:6, batch:  2200/3000] loss: 0.234 , mean_IoU: 0.314
2021-05-04 10:55:00,900 INFO Validation: [epoch:6, batch:  2250/3000] loss: 0.233 , mean_IoU: 0.314
2021-05-04 10:55:01,614 INFO Validation: [epoch:6, batch:  2300/3000] loss: 0.232 , mean_IoU: 0.313
2021-05-04 10:55:02,308 INFO Validation: [epoch:6, batch:  2350/3000] loss: 0.232 , mean_IoU: 0.312
2021-05-04 10:55:03,001 INFO Validation: [epoch:6, batch:  2400/3000] loss: 0.230 , mean_IoU: 0.312
2021-05-04 10:55:03,703 INFO Validation: [epoch:6, batch:  2450/3000] loss: 0.230 , mean_IoU: 0.312
2021-05-04 10:55:04,404 INFO Validation: [epoch:6, batch:  2500/3000] loss: 0.231 , mean_IoU: 0.312
2021-05-04 10:55:05,095 INFO Validation: [epoch:6, batch:  2550/3000] loss: 0.230 , mean_IoU: 0.311
2021-05-04 10:55:05,791 INFO Validation: [epoch:6, batch:  2600/3000] loss: 0.231 , mean_IoU: 0.312
2021-05-04 10:55:06,484 INFO Validation: [epoch:6, batch:  2650/3000] loss: 0.230 , mean_IoU: 0.312
2021-05-04 10:55:07,179 INFO Validation: [epoch:6, batch:  2700/3000] loss: 0.231 , mean_IoU: 0.311
2021-05-04 10:55:07,873 INFO Validation: [epoch:6, batch:  2750/3000] loss: 0.231 , mean_IoU: 0.310
2021-05-04 10:55:08,562 INFO Validation: [epoch:6, batch:  2800/3000] loss: 0.230 , mean_IoU: 0.312
2021-05-04 10:55:09,257 INFO Validation: [epoch:6, batch:  2850/3000] loss: 0.231 , mean_IoU: 0.312
2021-05-04 10:55:09,948 INFO Validation: [epoch:6, batch:  2900/3000] loss: 0.233 , mean_IoU: 0.312
2021-05-04 10:55:10,655 INFO Validation: [epoch:6, batch:  2950/3000] loss: 0.233 , mean_IoU: 0.313
2021-05-04 10:55:11,377 INFO Validation: [epoch:6, batch:  3000/3000] loss: 0.232 , mean_IoU: 0.312
2021-05-04 10:55:11,470 INFO ==> Saving BEST ... epoch5 loss0.232 miou0.312 
2021-05-04 10:55:12,503 INFO Epoch 6
2021-05-04 10:56:03,335 INFO Training: [epoch:7, batch:   100/474] loss: 0.230 , mean_IoU: 0.525
2021-05-04 10:56:53,473 INFO Training: [epoch:7, batch:   200/474] loss: 0.231 , mean_IoU: 0.527
2021-05-04 10:57:43,768 INFO Training: [epoch:7, batch:   300/474] loss: 0.230 , mean_IoU: 0.530
2021-05-04 10:58:34,013 INFO Training: [epoch:7, batch:   400/474] loss: 0.228 , mean_IoU: 0.530
2021-05-04 10:59:12,128 INFO Validation: [epoch:7, batch:    50/3000] loss: 0.209 , mean_IoU: 0.313
2021-05-04 10:59:12,826 INFO Validation: [epoch:7, batch:   100/3000] loss: 0.249 , mean_IoU: 0.354
2021-05-04 10:59:13,537 INFO Validation: [epoch:7, batch:   150/3000] loss: 0.224 , mean_IoU: 0.360
2021-05-04 10:59:14,226 INFO Validation: [epoch:7, batch:   200/3000] loss: 0.237 , mean_IoU: 0.367
2021-05-04 10:59:14,929 INFO Validation: [epoch:7, batch:   250/3000] loss: 0.234 , mean_IoU: 0.373
2021-05-04 10:59:15,639 INFO Validation: [epoch:7, batch:   300/3000] loss: 0.231 , mean_IoU: 0.374
2021-05-04 10:59:16,419 INFO Validation: [epoch:7, batch:   350/3000] loss: 0.232 , mean_IoU: 0.368
2021-05-04 10:59:17,241 INFO Validation: [epoch:7, batch:   400/3000] loss: 0.233 , mean_IoU: 0.373
2021-05-04 10:59:17,957 INFO Validation: [epoch:7, batch:   450/3000] loss: 0.232 , mean_IoU: 0.370
2021-05-04 10:59:18,652 INFO Validation: [epoch:7, batch:   500/3000] loss: 0.231 , mean_IoU: 0.369
2021-05-04 10:59:19,358 INFO Validation: [epoch:7, batch:   550/3000] loss: 0.230 , mean_IoU: 0.372
2021-05-04 10:59:20,051 INFO Validation: [epoch:7, batch:   600/3000] loss: 0.229 , mean_IoU: 0.371
2021-05-04 10:59:20,754 INFO Validation: [epoch:7, batch:   650/3000] loss: 0.233 , mean_IoU: 0.368
2021-05-04 10:59:21,463 INFO Validation: [epoch:7, batch:   700/3000] loss: 0.234 , mean_IoU: 0.369
2021-05-04 10:59:22,147 INFO Validation: [epoch:7, batch:   750/3000] loss: 0.233 , mean_IoU: 0.369
2021-05-04 10:59:22,844 INFO Validation: [epoch:7, batch:   800/3000] loss: 0.236 , mean_IoU: 0.371
2021-05-04 10:59:24,469 INFO Validation: [epoch:7, batch:   850/3000] loss: 0.236 , mean_IoU: 0.371
2021-05-04 10:59:25,180 INFO Validation: [epoch:7, batch:   900/3000] loss: 0.237 , mean_IoU: 0.375
2021-05-04 10:59:25,895 INFO Validation: [epoch:7, batch:   950/3000] loss: 0.236 , mean_IoU: 0.378
2021-05-04 10:59:26,603 INFO Validation: [epoch:7, batch:  1000/3000] loss: 0.234 , mean_IoU: 0.378
2021-05-04 10:59:27,307 INFO Validation: [epoch:7, batch:  1050/3000] loss: 0.234 , mean_IoU: 0.379
2021-05-04 10:59:28,011 INFO Validation: [epoch:7, batch:  1100/3000] loss: 0.234 , mean_IoU: 0.377
2021-05-04 10:59:28,701 INFO Validation: [epoch:7, batch:  1150/3000] loss: 0.233 , mean_IoU: 0.380
2021-05-04 10:59:29,381 INFO Validation: [epoch:7, batch:  1200/3000] loss: 0.233 , mean_IoU: 0.380
2021-05-04 10:59:30,076 INFO Validation: [epoch:7, batch:  1250/3000] loss: 0.233 , mean_IoU: 0.380
2021-05-04 10:59:30,789 INFO Validation: [epoch:7, batch:  1300/3000] loss: 0.233 , mean_IoU: 0.380
2021-05-04 10:59:31,486 INFO Validation: [epoch:7, batch:  1350/3000] loss: 0.231 , mean_IoU: 0.377
2021-05-04 10:59:32,185 INFO Validation: [epoch:7, batch:  1400/3000] loss: 0.231 , mean_IoU: 0.376
2021-05-04 10:59:32,886 INFO Validation: [epoch:7, batch:  1450/3000] loss: 0.231 , mean_IoU: 0.377
2021-05-04 10:59:33,583 INFO Validation: [epoch:7, batch:  1500/3000] loss: 0.232 , mean_IoU: 0.377
2021-05-04 10:59:34,281 INFO Validation: [epoch:7, batch:  1550/3000] loss: 0.232 , mean_IoU: 0.376
2021-05-04 10:59:34,971 INFO Validation: [epoch:7, batch:  1600/3000] loss: 0.230 , mean_IoU: 0.374
2021-05-04 10:59:35,663 INFO Validation: [epoch:7, batch:  1650/3000] loss: 0.229 , mean_IoU: 0.375
2021-05-04 10:59:36,379 INFO Validation: [epoch:7, batch:  1700/3000] loss: 0.230 , mean_IoU: 0.375
2021-05-04 10:59:37,082 INFO Validation: [epoch:7, batch:  1750/3000] loss: 0.228 , mean_IoU: 0.377
2021-05-04 10:59:37,783 INFO Validation: [epoch:7, batch:  1800/3000] loss: 0.227 , mean_IoU: 0.378
2021-05-04 10:59:38,494 INFO Validation: [epoch:7, batch:  1850/3000] loss: 0.227 , mean_IoU: 0.377
2021-05-04 10:59:39,207 INFO Validation: [epoch:7, batch:  1900/3000] loss: 0.227 , mean_IoU: 0.377
2021-05-04 10:59:39,909 INFO Validation: [epoch:7, batch:  1950/3000] loss: 0.227 , mean_IoU: 0.377
2021-05-04 10:59:40,635 INFO Validation: [epoch:7, batch:  2000/3000] loss: 0.228 , mean_IoU: 0.376
2021-05-04 10:59:41,339 INFO Validation: [epoch:7, batch:  2050/3000] loss: 0.228 , mean_IoU: 0.377
2021-05-04 10:59:42,043 INFO Validation: [epoch:7, batch:  2100/3000] loss: 0.228 , mean_IoU: 0.377
2021-05-04 10:59:42,746 INFO Validation: [epoch:7, batch:  2150/3000] loss: 0.228 , mean_IoU: 0.377
2021-05-04 10:59:43,446 INFO Validation: [epoch:7, batch:  2200/3000] loss: 0.228 , mean_IoU: 0.378
2021-05-04 10:59:44,136 INFO Validation: [epoch:7, batch:  2250/3000] loss: 0.228 , mean_IoU: 0.378
2021-05-04 10:59:44,839 INFO Validation: [epoch:7, batch:  2300/3000] loss: 0.227 , mean_IoU: 0.377
2021-05-04 10:59:45,533 INFO Validation: [epoch:7, batch:  2350/3000] loss: 0.227 , mean_IoU: 0.376
2021-05-04 10:59:46,221 INFO Validation: [epoch:7, batch:  2400/3000] loss: 0.225 , mean_IoU: 0.375
2021-05-04 10:59:46,919 INFO Validation: [epoch:7, batch:  2450/3000] loss: 0.225 , mean_IoU: 0.376
2021-05-04 10:59:47,627 INFO Validation: [epoch:7, batch:  2500/3000] loss: 0.226 , mean_IoU: 0.376
2021-05-04 10:59:48,319 INFO Validation: [epoch:7, batch:  2550/3000] loss: 0.225 , mean_IoU: 0.375
2021-05-04 10:59:49,022 INFO Validation: [epoch:7, batch:  2600/3000] loss: 0.225 , mean_IoU: 0.376
2021-05-04 10:59:49,719 INFO Validation: [epoch:7, batch:  2650/3000] loss: 0.225 , mean_IoU: 0.375
2021-05-04 10:59:50,421 INFO Validation: [epoch:7, batch:  2700/3000] loss: 0.226 , mean_IoU: 0.375
2021-05-04 10:59:51,127 INFO Validation: [epoch:7, batch:  2750/3000] loss: 0.226 , mean_IoU: 0.374
2021-05-04 10:59:51,825 INFO Validation: [epoch:7, batch:  2800/3000] loss: 0.225 , mean_IoU: 0.376
2021-05-04 10:59:52,523 INFO Validation: [epoch:7, batch:  2850/3000] loss: 0.226 , mean_IoU: 0.376
2021-05-04 10:59:53,216 INFO Validation: [epoch:7, batch:  2900/3000] loss: 0.228 , mean_IoU: 0.376
2021-05-04 10:59:53,917 INFO Validation: [epoch:7, batch:  2950/3000] loss: 0.227 , mean_IoU: 0.377
2021-05-04 10:59:54,627 INFO Validation: [epoch:7, batch:  3000/3000] loss: 0.227 , mean_IoU: 0.377
2021-05-04 10:59:54,706 INFO ==> Saving BEST ... epoch6 loss0.227 miou0.377 
2021-05-04 10:59:55,727 INFO Epoch 7
2021-05-04 11:00:46,461 INFO Training: [epoch:8, batch:   100/474] loss: 0.220 , mean_IoU: 0.540
2021-05-04 11:01:36,702 INFO Training: [epoch:8, batch:   200/474] loss: 0.222 , mean_IoU: 0.540
2021-05-04 11:02:27,487 INFO Training: [epoch:8, batch:   300/474] loss: 0.223 , mean_IoU: 0.541
2021-05-04 11:03:18,014 INFO Training: [epoch:8, batch:   400/474] loss: 0.222 , mean_IoU: 0.540
2021-05-04 11:03:56,153 INFO Validation: [epoch:8, batch:    50/3000] loss: 0.196 , mean_IoU: 0.284
2021-05-04 11:03:56,861 INFO Validation: [epoch:8, batch:   100/3000] loss: 0.258 , mean_IoU: 0.326
2021-05-04 11:03:57,576 INFO Validation: [epoch:8, batch:   150/3000] loss: 0.227 , mean_IoU: 0.330
2021-05-04 11:03:58,270 INFO Validation: [epoch:8, batch:   200/3000] loss: 0.236 , mean_IoU: 0.334
2021-05-04 11:03:58,979 INFO Validation: [epoch:8, batch:   250/3000] loss: 0.233 , mean_IoU: 0.342
2021-05-04 11:03:59,687 INFO Validation: [epoch:8, batch:   300/3000] loss: 0.229 , mean_IoU: 0.346
2021-05-04 11:04:00,381 INFO Validation: [epoch:8, batch:   350/3000] loss: 0.231 , mean_IoU: 0.341
2021-05-04 11:04:01,071 INFO Validation: [epoch:8, batch:   400/3000] loss: 0.231 , mean_IoU: 0.347
2021-05-04 11:04:01,761 INFO Validation: [epoch:8, batch:   450/3000] loss: 0.229 , mean_IoU: 0.345
2021-05-04 11:04:02,456 INFO Validation: [epoch:8, batch:   500/3000] loss: 0.231 , mean_IoU: 0.343
2021-05-04 11:04:03,164 INFO Validation: [epoch:8, batch:   550/3000] loss: 0.230 , mean_IoU: 0.347
2021-05-04 11:04:03,855 INFO Validation: [epoch:8, batch:   600/3000] loss: 0.231 , mean_IoU: 0.345
2021-05-04 11:04:04,553 INFO Validation: [epoch:8, batch:   650/3000] loss: 0.235 , mean_IoU: 0.342
2021-05-04 11:04:05,257 INFO Validation: [epoch:8, batch:   700/3000] loss: 0.234 , mean_IoU: 0.344
2021-05-04 11:04:05,935 INFO Validation: [epoch:8, batch:   750/3000] loss: 0.232 , mean_IoU: 0.345
2021-05-04 11:04:06,760 INFO Validation: [epoch:8, batch:   800/3000] loss: 0.235 , mean_IoU: 0.348
2021-05-04 11:04:07,455 INFO Validation: [epoch:8, batch:   850/3000] loss: 0.236 , mean_IoU: 0.347
2021-05-04 11:04:08,156 INFO Validation: [epoch:8, batch:   900/3000] loss: 0.238 , mean_IoU: 0.351
2021-05-04 11:04:08,862 INFO Validation: [epoch:8, batch:   950/3000] loss: 0.236 , mean_IoU: 0.355
2021-05-04 11:04:09,567 INFO Validation: [epoch:8, batch:  1000/3000] loss: 0.234 , mean_IoU: 0.355
2021-05-04 11:04:10,267 INFO Validation: [epoch:8, batch:  1050/3000] loss: 0.234 , mean_IoU: 0.355
2021-05-04 11:04:10,959 INFO Validation: [epoch:8, batch:  1100/3000] loss: 0.235 , mean_IoU: 0.354
2021-05-04 11:04:11,646 INFO Validation: [epoch:8, batch:  1150/3000] loss: 0.235 , mean_IoU: 0.355
2021-05-04 11:04:12,336 INFO Validation: [epoch:8, batch:  1200/3000] loss: 0.235 , mean_IoU: 0.356
2021-05-04 11:04:13,038 INFO Validation: [epoch:8, batch:  1250/3000] loss: 0.235 , mean_IoU: 0.355
2021-05-04 11:04:13,756 INFO Validation: [epoch:8, batch:  1300/3000] loss: 0.234 , mean_IoU: 0.355
2021-05-04 11:04:14,455 INFO Validation: [epoch:8, batch:  1350/3000] loss: 0.232 , mean_IoU: 0.354
2021-05-04 11:04:15,158 INFO Validation: [epoch:8, batch:  1400/3000] loss: 0.232 , mean_IoU: 0.353
2021-05-04 11:04:15,855 INFO Validation: [epoch:8, batch:  1450/3000] loss: 0.233 , mean_IoU: 0.353
2021-05-04 11:04:16,561 INFO Validation: [epoch:8, batch:  1500/3000] loss: 0.234 , mean_IoU: 0.353
2021-05-04 11:04:17,428 INFO Validation: [epoch:8, batch:  1550/3000] loss: 0.234 , mean_IoU: 0.352
2021-05-04 11:04:18,234 INFO Validation: [epoch:8, batch:  1600/3000] loss: 0.232 , mean_IoU: 0.350
2021-05-04 11:04:18,927 INFO Validation: [epoch:8, batch:  1650/3000] loss: 0.232 , mean_IoU: 0.351
2021-05-04 11:04:19,643 INFO Validation: [epoch:8, batch:  1700/3000] loss: 0.232 , mean_IoU: 0.351
2021-05-04 11:04:20,338 INFO Validation: [epoch:8, batch:  1750/3000] loss: 0.231 , mean_IoU: 0.352
2021-05-04 11:04:21,038 INFO Validation: [epoch:8, batch:  1800/3000] loss: 0.230 , mean_IoU: 0.352
2021-05-04 11:04:21,749 INFO Validation: [epoch:8, batch:  1850/3000] loss: 0.229 , mean_IoU: 0.352
2021-05-04 11:04:22,467 INFO Validation: [epoch:8, batch:  1900/3000] loss: 0.230 , mean_IoU: 0.352
2021-05-04 11:04:23,170 INFO Validation: [epoch:8, batch:  1950/3000] loss: 0.229 , mean_IoU: 0.352
2021-05-04 11:04:23,901 INFO Validation: [epoch:8, batch:  2000/3000] loss: 0.231 , mean_IoU: 0.351
2021-05-04 11:04:24,610 INFO Validation: [epoch:8, batch:  2050/3000] loss: 0.231 , mean_IoU: 0.352
2021-05-04 11:04:25,327 INFO Validation: [epoch:8, batch:  2100/3000] loss: 0.231 , mean_IoU: 0.353
2021-05-04 11:04:26,030 INFO Validation: [epoch:8, batch:  2150/3000] loss: 0.231 , mean_IoU: 0.352
2021-05-04 11:04:26,724 INFO Validation: [epoch:8, batch:  2200/3000] loss: 0.231 , mean_IoU: 0.353
2021-05-04 11:04:27,467 INFO Validation: [epoch:8, batch:  2250/3000] loss: 0.230 , mean_IoU: 0.354
2021-05-04 11:04:28,169 INFO Validation: [epoch:8, batch:  2300/3000] loss: 0.230 , mean_IoU: 0.353
2021-05-04 11:04:29,057 INFO Validation: [epoch:8, batch:  2350/3000] loss: 0.230 , mean_IoU: 0.352
2021-05-04 11:04:29,754 INFO Validation: [epoch:8, batch:  2400/3000] loss: 0.228 , mean_IoU: 0.352
2021-05-04 11:04:30,456 INFO Validation: [epoch:8, batch:  2450/3000] loss: 0.228 , mean_IoU: 0.352
2021-05-04 11:04:32,112 INFO Validation: [epoch:8, batch:  2500/3000] loss: 0.229 , mean_IoU: 0.352
2021-05-04 11:04:32,812 INFO Validation: [epoch:8, batch:  2550/3000] loss: 0.228 , mean_IoU: 0.351
2021-05-04 11:04:33,518 INFO Validation: [epoch:8, batch:  2600/3000] loss: 0.228 , mean_IoU: 0.352
2021-05-04 11:04:34,215 INFO Validation: [epoch:8, batch:  2650/3000] loss: 0.228 , mean_IoU: 0.351
2021-05-04 11:04:34,926 INFO Validation: [epoch:8, batch:  2700/3000] loss: 0.228 , mean_IoU: 0.351
2021-05-04 11:04:35,624 INFO Validation: [epoch:8, batch:  2750/3000] loss: 0.229 , mean_IoU: 0.350
2021-05-04 11:04:36,316 INFO Validation: [epoch:8, batch:  2800/3000] loss: 0.228 , mean_IoU: 0.352
2021-05-04 11:04:37,015 INFO Validation: [epoch:8, batch:  2850/3000] loss: 0.229 , mean_IoU: 0.352
2021-05-04 11:04:37,743 INFO Validation: [epoch:8, batch:  2900/3000] loss: 0.231 , mean_IoU: 0.352
2021-05-04 11:04:38,452 INFO Validation: [epoch:8, batch:  2950/3000] loss: 0.230 , mean_IoU: 0.352
2021-05-04 11:04:39,158 INFO Validation: [epoch:8, batch:  3000/3000] loss: 0.230 , mean_IoU: 0.352
2021-05-04 11:04:39,210 INFO Epoch 8
2021-05-04 11:05:30,012 INFO Training: [epoch:9, batch:   100/474] loss: 0.220 , mean_IoU: 0.562
2021-05-04 11:06:20,274 INFO Training: [epoch:9, batch:   200/474] loss: 0.221 , mean_IoU: 0.547
2021-05-04 11:07:10,527 INFO Training: [epoch:9, batch:   300/474] loss: 0.220 , mean_IoU: 0.548
2021-05-04 11:08:00,768 INFO Training: [epoch:9, batch:   400/474] loss: 0.220 , mean_IoU: 0.547
2021-05-04 11:08:38,865 INFO Validation: [epoch:9, batch:    50/3000] loss: 0.215 , mean_IoU: 0.275
2021-05-04 11:08:39,569 INFO Validation: [epoch:9, batch:   100/3000] loss: 0.267 , mean_IoU: 0.325
2021-05-04 11:08:40,284 INFO Validation: [epoch:9, batch:   150/3000] loss: 0.234 , mean_IoU: 0.329
2021-05-04 11:08:40,970 INFO Validation: [epoch:9, batch:   200/3000] loss: 0.242 , mean_IoU: 0.333
2021-05-04 11:08:41,672 INFO Validation: [epoch:9, batch:   250/3000] loss: 0.237 , mean_IoU: 0.341
2021-05-04 11:08:42,376 INFO Validation: [epoch:9, batch:   300/3000] loss: 0.233 , mean_IoU: 0.342
2021-05-04 11:08:43,069 INFO Validation: [epoch:9, batch:   350/3000] loss: 0.234 , mean_IoU: 0.339
2021-05-04 11:08:43,763 INFO Validation: [epoch:9, batch:   400/3000] loss: 0.235 , mean_IoU: 0.343
2021-05-04 11:08:44,460 INFO Validation: [epoch:9, batch:   450/3000] loss: 0.233 , mean_IoU: 0.341
2021-05-04 11:08:45,163 INFO Validation: [epoch:9, batch:   500/3000] loss: 0.235 , mean_IoU: 0.339
2021-05-04 11:08:45,876 INFO Validation: [epoch:9, batch:   550/3000] loss: 0.233 , mean_IoU: 0.343
2021-05-04 11:08:46,633 INFO Validation: [epoch:9, batch:   600/3000] loss: 0.233 , mean_IoU: 0.339
2021-05-04 11:08:47,336 INFO Validation: [epoch:9, batch:   650/3000] loss: 0.238 , mean_IoU: 0.337
2021-05-04 11:08:48,045 INFO Validation: [epoch:9, batch:   700/3000] loss: 0.237 , mean_IoU: 0.339
2021-05-04 11:08:48,726 INFO Validation: [epoch:9, batch:   750/3000] loss: 0.235 , mean_IoU: 0.340
2021-05-04 11:08:49,426 INFO Validation: [epoch:9, batch:   800/3000] loss: 0.238 , mean_IoU: 0.344
2021-05-04 11:08:50,115 INFO Validation: [epoch:9, batch:   850/3000] loss: 0.238 , mean_IoU: 0.343
2021-05-04 11:08:50,816 INFO Validation: [epoch:9, batch:   900/3000] loss: 0.240 , mean_IoU: 0.347
2021-05-04 11:08:51,522 INFO Validation: [epoch:9, batch:   950/3000] loss: 0.238 , mean_IoU: 0.351
2021-05-04 11:08:52,227 INFO Validation: [epoch:9, batch:  1000/3000] loss: 0.236 , mean_IoU: 0.351
2021-05-04 11:08:52,922 INFO Validation: [epoch:9, batch:  1050/3000] loss: 0.236 , mean_IoU: 0.352
2021-05-04 11:08:53,611 INFO Validation: [epoch:9, batch:  1100/3000] loss: 0.237 , mean_IoU: 0.351
2021-05-04 11:08:54,294 INFO Validation: [epoch:9, batch:  1150/3000] loss: 0.236 , mean_IoU: 0.354
2021-05-04 11:08:54,971 INFO Validation: [epoch:9, batch:  1200/3000] loss: 0.236 , mean_IoU: 0.354
2021-05-04 11:08:55,664 INFO Validation: [epoch:9, batch:  1250/3000] loss: 0.236 , mean_IoU: 0.355
2021-05-04 11:08:56,370 INFO Validation: [epoch:9, batch:  1300/3000] loss: 0.235 , mean_IoU: 0.354
2021-05-04 11:08:57,060 INFO Validation: [epoch:9, batch:  1350/3000] loss: 0.234 , mean_IoU: 0.353
2021-05-04 11:08:57,762 INFO Validation: [epoch:9, batch:  1400/3000] loss: 0.234 , mean_IoU: 0.352
2021-05-04 11:08:58,462 INFO Validation: [epoch:9, batch:  1450/3000] loss: 0.235 , mean_IoU: 0.352
2021-05-04 11:08:59,161 INFO Validation: [epoch:9, batch:  1500/3000] loss: 0.235 , mean_IoU: 0.351
2021-05-04 11:08:59,864 INFO Validation: [epoch:9, batch:  1550/3000] loss: 0.236 , mean_IoU: 0.350
2021-05-04 11:09:00,557 INFO Validation: [epoch:9, batch:  1600/3000] loss: 0.234 , mean_IoU: 0.348
2021-05-04 11:09:01,248 INFO Validation: [epoch:9, batch:  1650/3000] loss: 0.233 , mean_IoU: 0.350
2021-05-04 11:09:01,960 INFO Validation: [epoch:9, batch:  1700/3000] loss: 0.234 , mean_IoU: 0.350
2021-05-04 11:09:02,733 INFO Validation: [epoch:9, batch:  1750/3000] loss: 0.232 , mean_IoU: 0.352
2021-05-04 11:09:03,434 INFO Validation: [epoch:9, batch:  1800/3000] loss: 0.231 , mean_IoU: 0.352
2021-05-04 11:09:04,134 INFO Validation: [epoch:9, batch:  1850/3000] loss: 0.230 , mean_IoU: 0.352
2021-05-04 11:09:04,835 INFO Validation: [epoch:9, batch:  1900/3000] loss: 0.230 , mean_IoU: 0.352
2021-05-04 11:09:05,524 INFO Validation: [epoch:9, batch:  1950/3000] loss: 0.230 , mean_IoU: 0.352
2021-05-04 11:09:06,247 INFO Validation: [epoch:9, batch:  2000/3000] loss: 0.231 , mean_IoU: 0.351
2021-05-04 11:09:06,949 INFO Validation: [epoch:9, batch:  2050/3000] loss: 0.231 , mean_IoU: 0.352
2021-05-04 11:09:07,650 INFO Validation: [epoch:9, batch:  2100/3000] loss: 0.231 , mean_IoU: 0.353
2021-05-04 11:09:08,347 INFO Validation: [epoch:9, batch:  2150/3000] loss: 0.231 , mean_IoU: 0.352
2021-05-04 11:09:09,050 INFO Validation: [epoch:9, batch:  2200/3000] loss: 0.231 , mean_IoU: 0.354
2021-05-04 11:09:09,746 INFO Validation: [epoch:9, batch:  2250/3000] loss: 0.230 , mean_IoU: 0.353
2021-05-04 11:09:10,451 INFO Validation: [epoch:9, batch:  2300/3000] loss: 0.230 , mean_IoU: 0.353
2021-05-04 11:09:11,135 INFO Validation: [epoch:9, batch:  2350/3000] loss: 0.230 , mean_IoU: 0.352
2021-05-04 11:09:11,820 INFO Validation: [epoch:9, batch:  2400/3000] loss: 0.228 , mean_IoU: 0.352
2021-05-04 11:09:12,516 INFO Validation: [epoch:9, batch:  2450/3000] loss: 0.228 , mean_IoU: 0.352
2021-05-04 11:09:13,219 INFO Validation: [epoch:9, batch:  2500/3000] loss: 0.229 , mean_IoU: 0.352
2021-05-04 11:09:13,927 INFO Validation: [epoch:9, batch:  2550/3000] loss: 0.228 , mean_IoU: 0.351
2021-05-04 11:09:14,628 INFO Validation: [epoch:9, batch:  2600/3000] loss: 0.228 , mean_IoU: 0.352
2021-05-04 11:09:15,322 INFO Validation: [epoch:9, batch:  2650/3000] loss: 0.228 , mean_IoU: 0.351
2021-05-04 11:09:16,018 INFO Validation: [epoch:9, batch:  2700/3000] loss: 0.228 , mean_IoU: 0.351
2021-05-04 11:09:16,711 INFO Validation: [epoch:9, batch:  2750/3000] loss: 0.229 , mean_IoU: 0.350
2021-05-04 11:09:17,399 INFO Validation: [epoch:9, batch:  2800/3000] loss: 0.228 , mean_IoU: 0.352
2021-05-04 11:09:18,099 INFO Validation: [epoch:9, batch:  2850/3000] loss: 0.229 , mean_IoU: 0.352
2021-05-04 11:09:18,801 INFO Validation: [epoch:9, batch:  2900/3000] loss: 0.231 , mean_IoU: 0.352
2021-05-04 11:09:19,502 INFO Validation: [epoch:9, batch:  2950/3000] loss: 0.231 , mean_IoU: 0.353
2021-05-04 11:09:20,212 INFO Validation: [epoch:9, batch:  3000/3000] loss: 0.230 , mean_IoU: 0.352
2021-05-04 11:09:20,275 INFO Epoch 9
2021-05-04 11:10:11,024 INFO Training: [epoch:10, batch:   100/474] loss: 0.219 , mean_IoU: 0.547
2021-05-04 11:11:01,222 INFO Training: [epoch:10, batch:   200/474] loss: 0.219 , mean_IoU: 0.547
2021-05-04 11:11:51,504 INFO Training: [epoch:10, batch:   300/474] loss: 0.217 , mean_IoU: 0.548
2021-05-04 11:12:41,786 INFO Training: [epoch:10, batch:   400/474] loss: 0.217 , mean_IoU: 0.546
2021-05-04 11:13:19,991 INFO Validation: [epoch:10, batch:    50/3000] loss: 0.223 , mean_IoU: 0.320
2021-05-04 11:13:20,693 INFO Validation: [epoch:10, batch:   100/3000] loss: 0.261 , mean_IoU: 0.365
2021-05-04 11:13:21,396 INFO Validation: [epoch:10, batch:   150/3000] loss: 0.233 , mean_IoU: 0.370
2021-05-04 11:13:22,086 INFO Validation: [epoch:10, batch:   200/3000] loss: 0.244 , mean_IoU: 0.375
2021-05-04 11:13:22,787 INFO Validation: [epoch:10, batch:   250/3000] loss: 0.240 , mean_IoU: 0.383
2021-05-04 11:13:23,491 INFO Validation: [epoch:10, batch:   300/3000] loss: 0.238 , mean_IoU: 0.383
2021-05-04 11:13:24,185 INFO Validation: [epoch:10, batch:   350/3000] loss: 0.238 , mean_IoU: 0.379
2021-05-04 11:13:24,878 INFO Validation: [epoch:10, batch:   400/3000] loss: 0.239 , mean_IoU: 0.383
2021-05-04 11:13:25,573 INFO Validation: [epoch:10, batch:   450/3000] loss: 0.238 , mean_IoU: 0.381
2021-05-04 11:13:26,272 INFO Validation: [epoch:10, batch:   500/3000] loss: 0.238 , mean_IoU: 0.379
2021-05-04 11:13:26,982 INFO Validation: [epoch:10, batch:   550/3000] loss: 0.236 , mean_IoU: 0.383
2021-05-04 11:13:27,690 INFO Validation: [epoch:10, batch:   600/3000] loss: 0.235 , mean_IoU: 0.380
2021-05-04 11:13:28,400 INFO Validation: [epoch:10, batch:   650/3000] loss: 0.238 , mean_IoU: 0.378
2021-05-04 11:13:29,112 INFO Validation: [epoch:10, batch:   700/3000] loss: 0.238 , mean_IoU: 0.380
2021-05-04 11:13:30,020 INFO Validation: [epoch:10, batch:   750/3000] loss: 0.236 , mean_IoU: 0.380
2021-05-04 11:13:30,724 INFO Validation: [epoch:10, batch:   800/3000] loss: 0.238 , mean_IoU: 0.383
2021-05-04 11:13:31,420 INFO Validation: [epoch:10, batch:   850/3000] loss: 0.238 , mean_IoU: 0.382
2021-05-04 11:13:32,122 INFO Validation: [epoch:10, batch:   900/3000] loss: 0.239 , mean_IoU: 0.387
2021-05-04 11:13:32,826 INFO Validation: [epoch:10, batch:   950/3000] loss: 0.237 , mean_IoU: 0.390
2021-05-04 11:13:33,532 INFO Validation: [epoch:10, batch:  1000/3000] loss: 0.236 , mean_IoU: 0.391
2021-05-04 11:13:34,226 INFO Validation: [epoch:10, batch:  1050/3000] loss: 0.235 , mean_IoU: 0.393
2021-05-04 11:13:34,914 INFO Validation: [epoch:10, batch:  1100/3000] loss: 0.235 , mean_IoU: 0.392
2021-05-04 11:13:35,597 INFO Validation: [epoch:10, batch:  1150/3000] loss: 0.235 , mean_IoU: 0.393
2021-05-04 11:13:36,281 INFO Validation: [epoch:10, batch:  1200/3000] loss: 0.236 , mean_IoU: 0.392
2021-05-04 11:13:37,070 INFO Validation: [epoch:10, batch:  1250/3000] loss: 0.236 , mean_IoU: 0.393
2021-05-04 11:13:37,800 INFO Validation: [epoch:10, batch:  1300/3000] loss: 0.236 , mean_IoU: 0.393
2021-05-04 11:13:38,515 INFO Validation: [epoch:10, batch:  1350/3000] loss: 0.234 , mean_IoU: 0.390
2021-05-04 11:13:39,220 INFO Validation: [epoch:10, batch:  1400/3000] loss: 0.235 , mean_IoU: 0.390
2021-05-04 11:13:39,931 INFO Validation: [epoch:10, batch:  1450/3000] loss: 0.235 , mean_IoU: 0.391
2021-05-04 11:13:40,640 INFO Validation: [epoch:10, batch:  1500/3000] loss: 0.236 , mean_IoU: 0.390
2021-05-04 11:13:41,363 INFO Validation: [epoch:10, batch:  1550/3000] loss: 0.237 , mean_IoU: 0.389
2021-05-04 11:13:42,063 INFO Validation: [epoch:10, batch:  1600/3000] loss: 0.235 , mean_IoU: 0.386
2021-05-04 11:13:42,767 INFO Validation: [epoch:10, batch:  1650/3000] loss: 0.234 , mean_IoU: 0.388
2021-05-04 11:13:43,474 INFO Validation: [epoch:10, batch:  1700/3000] loss: 0.234 , mean_IoU: 0.387
2021-05-04 11:13:45,168 INFO Validation: [epoch:10, batch:  1750/3000] loss: 0.233 , mean_IoU: 0.389
2021-05-04 11:13:45,861 INFO Validation: [epoch:10, batch:  1800/3000] loss: 0.232 , mean_IoU: 0.390
2021-05-04 11:13:46,562 INFO Validation: [epoch:10, batch:  1850/3000] loss: 0.231 , mean_IoU: 0.390
2021-05-04 11:13:47,260 INFO Validation: [epoch:10, batch:  1900/3000] loss: 0.231 , mean_IoU: 0.390
2021-05-04 11:13:47,949 INFO Validation: [epoch:10, batch:  1950/3000] loss: 0.231 , mean_IoU: 0.389
2021-05-04 11:13:48,679 INFO Validation: [epoch:10, batch:  2000/3000] loss: 0.232 , mean_IoU: 0.389
2021-05-04 11:13:49,382 INFO Validation: [epoch:10, batch:  2050/3000] loss: 0.232 , mean_IoU: 0.389
2021-05-04 11:13:50,085 INFO Validation: [epoch:10, batch:  2100/3000] loss: 0.232 , mean_IoU: 0.391
2021-05-04 11:13:50,788 INFO Validation: [epoch:10, batch:  2150/3000] loss: 0.232 , mean_IoU: 0.390
2021-05-04 11:13:51,479 INFO Validation: [epoch:10, batch:  2200/3000] loss: 0.231 , mean_IoU: 0.391
2021-05-04 11:13:52,161 INFO Validation: [epoch:10, batch:  2250/3000] loss: 0.231 , mean_IoU: 0.391
2021-05-04 11:13:52,862 INFO Validation: [epoch:10, batch:  2300/3000] loss: 0.230 , mean_IoU: 0.390
2021-05-04 11:13:53,556 INFO Validation: [epoch:10, batch:  2350/3000] loss: 0.230 , mean_IoU: 0.389
2021-05-04 11:13:54,246 INFO Validation: [epoch:10, batch:  2400/3000] loss: 0.229 , mean_IoU: 0.389
2021-05-04 11:13:54,944 INFO Validation: [epoch:10, batch:  2450/3000] loss: 0.228 , mean_IoU: 0.390
2021-05-04 11:13:55,645 INFO Validation: [epoch:10, batch:  2500/3000] loss: 0.229 , mean_IoU: 0.389
2021-05-04 11:13:56,334 INFO Validation: [epoch:10, batch:  2550/3000] loss: 0.229 , mean_IoU: 0.388
2021-05-04 11:13:57,027 INFO Validation: [epoch:10, batch:  2600/3000] loss: 0.229 , mean_IoU: 0.389
2021-05-04 11:13:57,725 INFO Validation: [epoch:10, batch:  2650/3000] loss: 0.229 , mean_IoU: 0.389
2021-05-04 11:13:58,419 INFO Validation: [epoch:10, batch:  2700/3000] loss: 0.230 , mean_IoU: 0.389
2021-05-04 11:13:59,111 INFO Validation: [epoch:10, batch:  2750/3000] loss: 0.230 , mean_IoU: 0.388
2021-05-04 11:13:59,798 INFO Validation: [epoch:10, batch:  2800/3000] loss: 0.229 , mean_IoU: 0.389
2021-05-04 11:14:00,489 INFO Validation: [epoch:10, batch:  2850/3000] loss: 0.230 , mean_IoU: 0.390
2021-05-04 11:14:01,174 INFO Validation: [epoch:10, batch:  2900/3000] loss: 0.231 , mean_IoU: 0.390
2021-05-04 11:14:01,866 INFO Validation: [epoch:10, batch:  2950/3000] loss: 0.231 , mean_IoU: 0.391
2021-05-04 11:14:02,566 INFO Validation: [epoch:10, batch:  3000/3000] loss: 0.231 , mean_IoU: 0.390
2021-05-04 11:14:02,624 INFO Epoch 10
2021-05-04 11:14:53,471 INFO Training: [epoch:11, batch:   100/474] loss: 0.210 , mean_IoU: 0.569
2021-05-04 11:15:43,793 INFO Training: [epoch:11, batch:   200/474] loss: 0.212 , mean_IoU: 0.567
2021-05-04 11:16:34,005 INFO Training: [epoch:11, batch:   300/474] loss: 0.214 , mean_IoU: 0.562
2021-05-04 11:17:24,276 INFO Training: [epoch:11, batch:   400/474] loss: 0.214 , mean_IoU: 0.557
2021-05-04 11:18:02,430 INFO Validation: [epoch:11, batch:    50/3000] loss: 0.205 , mean_IoU: 0.333
2021-05-04 11:18:03,129 INFO Validation: [epoch:11, batch:   100/3000] loss: 0.254 , mean_IoU: 0.375
2021-05-04 11:18:03,835 INFO Validation: [epoch:11, batch:   150/3000] loss: 0.225 , mean_IoU: 0.388
2021-05-04 11:18:04,527 INFO Validation: [epoch:11, batch:   200/3000] loss: 0.233 , mean_IoU: 0.392
2021-05-04 11:18:05,241 INFO Validation: [epoch:11, batch:   250/3000] loss: 0.230 , mean_IoU: 0.398
2021-05-04 11:18:05,951 INFO Validation: [epoch:11, batch:   300/3000] loss: 0.226 , mean_IoU: 0.400
2021-05-04 11:18:06,648 INFO Validation: [epoch:11, batch:   350/3000] loss: 0.231 , mean_IoU: 0.393
2021-05-04 11:18:07,338 INFO Validation: [epoch:11, batch:   400/3000] loss: 0.232 , mean_IoU: 0.396
2021-05-04 11:18:08,030 INFO Validation: [epoch:11, batch:   450/3000] loss: 0.230 , mean_IoU: 0.394
2021-05-04 11:18:08,732 INFO Validation: [epoch:11, batch:   500/3000] loss: 0.232 , mean_IoU: 0.393
2021-05-04 11:18:09,446 INFO Validation: [epoch:11, batch:   550/3000] loss: 0.231 , mean_IoU: 0.397
2021-05-04 11:18:10,142 INFO Validation: [epoch:11, batch:   600/3000] loss: 0.231 , mean_IoU: 0.395
2021-05-04 11:18:10,844 INFO Validation: [epoch:11, batch:   650/3000] loss: 0.236 , mean_IoU: 0.392
2021-05-04 11:18:11,554 INFO Validation: [epoch:11, batch:   700/3000] loss: 0.236 , mean_IoU: 0.392
2021-05-04 11:18:12,237 INFO Validation: [epoch:11, batch:   750/3000] loss: 0.234 , mean_IoU: 0.392
2021-05-04 11:18:12,936 INFO Validation: [epoch:11, batch:   800/3000] loss: 0.237 , mean_IoU: 0.394
2021-05-04 11:18:13,627 INFO Validation: [epoch:11, batch:   850/3000] loss: 0.237 , mean_IoU: 0.394
2021-05-04 11:18:14,432 INFO Validation: [epoch:11, batch:   900/3000] loss: 0.239 , mean_IoU: 0.398
2021-05-04 11:18:15,148 INFO Validation: [epoch:11, batch:   950/3000] loss: 0.237 , mean_IoU: 0.401
2021-05-04 11:18:15,855 INFO Validation: [epoch:11, batch:  1000/3000] loss: 0.235 , mean_IoU: 0.401
2021-05-04 11:18:16,550 INFO Validation: [epoch:11, batch:  1050/3000] loss: 0.235 , mean_IoU: 0.402
2021-05-04 11:18:17,240 INFO Validation: [epoch:11, batch:  1100/3000] loss: 0.235 , mean_IoU: 0.401
2021-05-04 11:18:17,924 INFO Validation: [epoch:11, batch:  1150/3000] loss: 0.234 , mean_IoU: 0.403
2021-05-04 11:18:18,603 INFO Validation: [epoch:11, batch:  1200/3000] loss: 0.234 , mean_IoU: 0.402
2021-05-04 11:18:19,295 INFO Validation: [epoch:11, batch:  1250/3000] loss: 0.234 , mean_IoU: 0.402
2021-05-04 11:18:20,000 INFO Validation: [epoch:11, batch:  1300/3000] loss: 0.233 , mean_IoU: 0.402
2021-05-04 11:18:20,692 INFO Validation: [epoch:11, batch:  1350/3000] loss: 0.231 , mean_IoU: 0.400
2021-05-04 11:18:21,389 INFO Validation: [epoch:11, batch:  1400/3000] loss: 0.231 , mean_IoU: 0.400
2021-05-04 11:18:22,085 INFO Validation: [epoch:11, batch:  1450/3000] loss: 0.232 , mean_IoU: 0.401
2021-05-04 11:18:22,780 INFO Validation: [epoch:11, batch:  1500/3000] loss: 0.231 , mean_IoU: 0.401
2021-05-04 11:18:23,478 INFO Validation: [epoch:11, batch:  1550/3000] loss: 0.232 , mean_IoU: 0.401
2021-05-04 11:18:24,169 INFO Validation: [epoch:11, batch:  1600/3000] loss: 0.230 , mean_IoU: 0.399
2021-05-04 11:18:24,857 INFO Validation: [epoch:11, batch:  1650/3000] loss: 0.229 , mean_IoU: 0.400
2021-05-04 11:18:25,562 INFO Validation: [epoch:11, batch:  1700/3000] loss: 0.229 , mean_IoU: 0.400
2021-05-04 11:18:26,255 INFO Validation: [epoch:11, batch:  1750/3000] loss: 0.228 , mean_IoU: 0.402
2021-05-04 11:18:27,151 INFO Validation: [epoch:11, batch:  1800/3000] loss: 0.227 , mean_IoU: 0.401
2021-05-04 11:18:27,863 INFO Validation: [epoch:11, batch:  1850/3000] loss: 0.226 , mean_IoU: 0.401
2021-05-04 11:18:28,581 INFO Validation: [epoch:11, batch:  1900/3000] loss: 0.226 , mean_IoU: 0.401
2021-05-04 11:18:29,281 INFO Validation: [epoch:11, batch:  1950/3000] loss: 0.226 , mean_IoU: 0.401
2021-05-04 11:18:30,009 INFO Validation: [epoch:11, batch:  2000/3000] loss: 0.228 , mean_IoU: 0.400
2021-05-04 11:18:30,710 INFO Validation: [epoch:11, batch:  2050/3000] loss: 0.227 , mean_IoU: 0.401
2021-05-04 11:18:31,413 INFO Validation: [epoch:11, batch:  2100/3000] loss: 0.228 , mean_IoU: 0.401
2021-05-04 11:18:32,110 INFO Validation: [epoch:11, batch:  2150/3000] loss: 0.228 , mean_IoU: 0.401
2021-05-04 11:18:32,802 INFO Validation: [epoch:11, batch:  2200/3000] loss: 0.228 , mean_IoU: 0.402
2021-05-04 11:18:33,493 INFO Validation: [epoch:11, batch:  2250/3000] loss: 0.227 , mean_IoU: 0.402
2021-05-04 11:18:34,196 INFO Validation: [epoch:11, batch:  2300/3000] loss: 0.227 , mean_IoU: 0.401
2021-05-04 11:18:34,882 INFO Validation: [epoch:11, batch:  2350/3000] loss: 0.227 , mean_IoU: 0.399
2021-05-04 11:18:35,568 INFO Validation: [epoch:11, batch:  2400/3000] loss: 0.225 , mean_IoU: 0.399
2021-05-04 11:18:36,343 INFO Validation: [epoch:11, batch:  2450/3000] loss: 0.225 , mean_IoU: 0.400
2021-05-04 11:18:37,128 INFO Validation: [epoch:11, batch:  2500/3000] loss: 0.225 , mean_IoU: 0.399
2021-05-04 11:18:37,831 INFO Validation: [epoch:11, batch:  2550/3000] loss: 0.224 , mean_IoU: 0.399
2021-05-04 11:18:38,533 INFO Validation: [epoch:11, batch:  2600/3000] loss: 0.225 , mean_IoU: 0.399
2021-05-04 11:18:39,231 INFO Validation: [epoch:11, batch:  2650/3000] loss: 0.224 , mean_IoU: 0.399
2021-05-04 11:18:39,933 INFO Validation: [epoch:11, batch:  2700/3000] loss: 0.225 , mean_IoU: 0.399
2021-05-04 11:18:40,641 INFO Validation: [epoch:11, batch:  2750/3000] loss: 0.225 , mean_IoU: 0.398
2021-05-04 11:18:41,336 INFO Validation: [epoch:11, batch:  2800/3000] loss: 0.224 , mean_IoU: 0.400
2021-05-04 11:18:42,038 INFO Validation: [epoch:11, batch:  2850/3000] loss: 0.225 , mean_IoU: 0.401
2021-05-04 11:18:42,738 INFO Validation: [epoch:11, batch:  2900/3000] loss: 0.227 , mean_IoU: 0.400
2021-05-04 11:18:43,448 INFO Validation: [epoch:11, batch:  2950/3000] loss: 0.227 , mean_IoU: 0.401
2021-05-04 11:18:44,860 INFO Validation: [epoch:11, batch:  3000/3000] loss: 0.226 , mean_IoU: 0.401
2021-05-04 11:18:44,922 INFO ==> Saving BEST ... epoch10 loss0.226 miou0.401 
2021-05-04 11:18:45,911 INFO Epoch 11
2021-05-04 11:19:36,693 INFO Training: [epoch:12, batch:   100/474] loss: 0.213 , mean_IoU: 0.561
2021-05-04 11:20:26,827 INFO Training: [epoch:12, batch:   200/474] loss: 0.212 , mean_IoU: 0.565
2021-05-04 11:21:17,070 INFO Training: [epoch:12, batch:   300/474] loss: 0.213 , mean_IoU: 0.562
2021-05-04 11:22:07,312 INFO Training: [epoch:12, batch:   400/474] loss: 0.212 , mean_IoU: 0.561
2021-05-04 11:22:45,431 INFO Validation: [epoch:12, batch:    50/3000] loss: 0.210 , mean_IoU: 0.318
2021-05-04 11:22:46,133 INFO Validation: [epoch:12, batch:   100/3000] loss: 0.256 , mean_IoU: 0.361
2021-05-04 11:22:46,838 INFO Validation: [epoch:12, batch:   150/3000] loss: 0.228 , mean_IoU: 0.365
2021-05-04 11:22:47,524 INFO Validation: [epoch:12, batch:   200/3000] loss: 0.235 , mean_IoU: 0.374
2021-05-04 11:22:48,233 INFO Validation: [epoch:12, batch:   250/3000] loss: 0.231 , mean_IoU: 0.379
2021-05-04 11:22:48,942 INFO Validation: [epoch:12, batch:   300/3000] loss: 0.229 , mean_IoU: 0.378
2021-05-04 11:22:49,738 INFO Validation: [epoch:12, batch:   350/3000] loss: 0.231 , mean_IoU: 0.372
2021-05-04 11:22:50,980 INFO Validation: [epoch:12, batch:   400/3000] loss: 0.231 , mean_IoU: 0.376
2021-05-04 11:22:51,727 INFO Validation: [epoch:12, batch:   450/3000] loss: 0.229 , mean_IoU: 0.373
2021-05-04 11:22:52,446 INFO Validation: [epoch:12, batch:   500/3000] loss: 0.230 , mean_IoU: 0.372
2021-05-04 11:22:53,633 INFO Validation: [epoch:12, batch:   550/3000] loss: 0.230 , mean_IoU: 0.376
2021-05-04 11:22:54,805 INFO Validation: [epoch:12, batch:   600/3000] loss: 0.230 , mean_IoU: 0.373
2021-05-04 11:22:55,514 INFO Validation: [epoch:12, batch:   650/3000] loss: 0.234 , mean_IoU: 0.371
2021-05-04 11:22:56,232 INFO Validation: [epoch:12, batch:   700/3000] loss: 0.234 , mean_IoU: 0.371
2021-05-04 11:22:58,521 INFO Validation: [epoch:12, batch:   750/3000] loss: 0.232 , mean_IoU: 0.373
2021-05-04 11:22:59,224 INFO Validation: [epoch:12, batch:   800/3000] loss: 0.235 , mean_IoU: 0.375
2021-05-04 11:22:59,915 INFO Validation: [epoch:12, batch:   850/3000] loss: 0.236 , mean_IoU: 0.374
2021-05-04 11:23:00,627 INFO Validation: [epoch:12, batch:   900/3000] loss: 0.237 , mean_IoU: 0.378
2021-05-04 11:23:01,340 INFO Validation: [epoch:12, batch:   950/3000] loss: 0.236 , mean_IoU: 0.381
2021-05-04 11:23:02,048 INFO Validation: [epoch:12, batch:  1000/3000] loss: 0.234 , mean_IoU: 0.382
2021-05-04 11:23:02,744 INFO Validation: [epoch:12, batch:  1050/3000] loss: 0.233 , mean_IoU: 0.383
2021-05-04 11:23:03,441 INFO Validation: [epoch:12, batch:  1100/3000] loss: 0.233 , mean_IoU: 0.383
2021-05-04 11:23:04,124 INFO Validation: [epoch:12, batch:  1150/3000] loss: 0.233 , mean_IoU: 0.385
2021-05-04 11:23:04,827 INFO Validation: [epoch:12, batch:  1200/3000] loss: 0.233 , mean_IoU: 0.384
2021-05-04 11:23:05,522 INFO Validation: [epoch:12, batch:  1250/3000] loss: 0.233 , mean_IoU: 0.385
2021-05-04 11:23:06,235 INFO Validation: [epoch:12, batch:  1300/3000] loss: 0.232 , mean_IoU: 0.384
2021-05-04 11:23:06,932 INFO Validation: [epoch:12, batch:  1350/3000] loss: 0.231 , mean_IoU: 0.382
2021-05-04 11:23:07,641 INFO Validation: [epoch:12, batch:  1400/3000] loss: 0.230 , mean_IoU: 0.382
2021-05-04 11:23:08,347 INFO Validation: [epoch:12, batch:  1450/3000] loss: 0.231 , mean_IoU: 0.382
2021-05-04 11:23:09,051 INFO Validation: [epoch:12, batch:  1500/3000] loss: 0.232 , mean_IoU: 0.382
2021-05-04 11:23:09,813 INFO Validation: [epoch:12, batch:  1550/3000] loss: 0.232 , mean_IoU: 0.381
2021-05-04 11:23:12,955 INFO Validation: [epoch:12, batch:  1600/3000] loss: 0.231 , mean_IoU: 0.378
2021-05-04 11:23:16,763 INFO Validation: [epoch:12, batch:  1650/3000] loss: 0.230 , mean_IoU: 0.380
2021-05-04 11:23:19,912 INFO Validation: [epoch:12, batch:  1700/3000] loss: 0.230 , mean_IoU: 0.380
2021-05-04 11:23:21,868 INFO Validation: [epoch:12, batch:  1750/3000] loss: 0.229 , mean_IoU: 0.381
2021-05-04 11:23:24,745 INFO Validation: [epoch:12, batch:  1800/3000] loss: 0.228 , mean_IoU: 0.381
2021-05-04 11:23:26,355 INFO Validation: [epoch:12, batch:  1850/3000] loss: 0.227 , mean_IoU: 0.381
2021-05-04 11:23:27,896 INFO Validation: [epoch:12, batch:  1900/3000] loss: 0.227 , mean_IoU: 0.381
2021-05-04 11:23:28,898 INFO Validation: [epoch:12, batch:  1950/3000] loss: 0.227 , mean_IoU: 0.380
2021-05-04 11:23:29,720 INFO Validation: [epoch:12, batch:  2000/3000] loss: 0.228 , mean_IoU: 0.380
2021-05-04 11:23:30,512 INFO Validation: [epoch:12, batch:  2050/3000] loss: 0.228 , mean_IoU: 0.380
2021-05-04 11:23:31,285 INFO Validation: [epoch:12, batch:  2100/3000] loss: 0.228 , mean_IoU: 0.381
2021-05-04 11:23:32,041 INFO Validation: [epoch:12, batch:  2150/3000] loss: 0.228 , mean_IoU: 0.380
2021-05-04 11:23:32,750 INFO Validation: [epoch:12, batch:  2200/3000] loss: 0.228 , mean_IoU: 0.381
2021-05-04 11:23:33,993 INFO Validation: [epoch:12, batch:  2250/3000] loss: 0.228 , mean_IoU: 0.381
2021-05-04 11:23:35,618 INFO Validation: [epoch:12, batch:  2300/3000] loss: 0.227 , mean_IoU: 0.380
2021-05-04 11:23:36,632 INFO Validation: [epoch:12, batch:  2350/3000] loss: 0.227 , mean_IoU: 0.379
2021-05-04 11:23:37,684 INFO Validation: [epoch:12, batch:  2400/3000] loss: 0.225 , mean_IoU: 0.379
2021-05-04 11:23:38,385 INFO Validation: [epoch:12, batch:  2450/3000] loss: 0.225 , mean_IoU: 0.379
2021-05-04 11:23:39,089 INFO Validation: [epoch:12, batch:  2500/3000] loss: 0.226 , mean_IoU: 0.379
2021-05-04 11:23:39,784 INFO Validation: [epoch:12, batch:  2550/3000] loss: 0.225 , mean_IoU: 0.378
2021-05-04 11:23:40,487 INFO Validation: [epoch:12, batch:  2600/3000] loss: 0.225 , mean_IoU: 0.379
2021-05-04 11:23:41,181 INFO Validation: [epoch:12, batch:  2650/3000] loss: 0.225 , mean_IoU: 0.379
2021-05-04 11:23:41,876 INFO Validation: [epoch:12, batch:  2700/3000] loss: 0.226 , mean_IoU: 0.379
2021-05-04 11:23:42,569 INFO Validation: [epoch:12, batch:  2750/3000] loss: 0.226 , mean_IoU: 0.378
2021-05-04 11:23:43,258 INFO Validation: [epoch:12, batch:  2800/3000] loss: 0.225 , mean_IoU: 0.380
2021-05-04 11:23:43,963 INFO Validation: [epoch:12, batch:  2850/3000] loss: 0.226 , mean_IoU: 0.380
2021-05-04 11:23:44,665 INFO Validation: [epoch:12, batch:  2900/3000] loss: 0.227 , mean_IoU: 0.380
2021-05-04 11:23:45,368 INFO Validation: [epoch:12, batch:  2950/3000] loss: 0.228 , mean_IoU: 0.381
2021-05-04 11:23:46,067 INFO Validation: [epoch:12, batch:  3000/3000] loss: 0.227 , mean_IoU: 0.381
2021-05-04 11:23:46,119 INFO Epoch 12
2021-05-04 11:24:36,821 INFO Training: [epoch:13, batch:   100/474] loss: 0.213 , mean_IoU: 0.564
2021-05-04 11:25:26,846 INFO Training: [epoch:13, batch:   200/474] loss: 0.210 , mean_IoU: 0.566
2021-05-04 11:26:17,152 INFO Training: [epoch:13, batch:   300/474] loss: 0.212 , mean_IoU: 0.566
2021-05-04 11:27:07,427 INFO Training: [epoch:13, batch:   400/474] loss: 0.211 , mean_IoU: 0.564
2021-05-04 11:27:45,514 INFO Validation: [epoch:13, batch:    50/3000] loss: 0.202 , mean_IoU: 0.319
2021-05-04 11:27:46,218 INFO Validation: [epoch:13, batch:   100/3000] loss: 0.256 , mean_IoU: 0.355
2021-05-04 11:27:46,935 INFO Validation: [epoch:13, batch:   150/3000] loss: 0.227 , mean_IoU: 0.359
2021-05-04 11:27:47,622 INFO Validation: [epoch:13, batch:   200/3000] loss: 0.237 , mean_IoU: 0.360
2021-05-04 11:27:48,326 INFO Validation: [epoch:13, batch:   250/3000] loss: 0.233 , mean_IoU: 0.372
2021-05-04 11:27:49,044 INFO Validation: [epoch:13, batch:   300/3000] loss: 0.227 , mean_IoU: 0.375
2021-05-04 11:27:50,186 INFO Validation: [epoch:13, batch:   350/3000] loss: 0.230 , mean_IoU: 0.368
2021-05-04 11:27:51,093 INFO Validation: [epoch:13, batch:   400/3000] loss: 0.229 , mean_IoU: 0.374
2021-05-04 11:27:51,790 INFO Validation: [epoch:13, batch:   450/3000] loss: 0.228 , mean_IoU: 0.373
2021-05-04 11:27:52,501 INFO Validation: [epoch:13, batch:   500/3000] loss: 0.231 , mean_IoU: 0.372
2021-05-04 11:27:53,221 INFO Validation: [epoch:13, batch:   550/3000] loss: 0.230 , mean_IoU: 0.375
2021-05-04 11:27:53,921 INFO Validation: [epoch:13, batch:   600/3000] loss: 0.230 , mean_IoU: 0.374
2021-05-04 11:27:54,623 INFO Validation: [epoch:13, batch:   650/3000] loss: 0.234 , mean_IoU: 0.370
2021-05-04 11:27:55,340 INFO Validation: [epoch:13, batch:   700/3000] loss: 0.233 , mean_IoU: 0.371
2021-05-04 11:27:56,025 INFO Validation: [epoch:13, batch:   750/3000] loss: 0.231 , mean_IoU: 0.372
2021-05-04 11:27:56,734 INFO Validation: [epoch:13, batch:   800/3000] loss: 0.234 , mean_IoU: 0.374
2021-05-04 11:27:57,687 INFO Validation: [epoch:13, batch:   850/3000] loss: 0.234 , mean_IoU: 0.374
2021-05-04 11:27:58,397 INFO Validation: [epoch:13, batch:   900/3000] loss: 0.236 , mean_IoU: 0.377
2021-05-04 11:27:59,112 INFO Validation: [epoch:13, batch:   950/3000] loss: 0.233 , mean_IoU: 0.380
2021-05-04 11:27:59,827 INFO Validation: [epoch:13, batch:  1000/3000] loss: 0.232 , mean_IoU: 0.380
2021-05-04 11:28:00,575 INFO Validation: [epoch:13, batch:  1050/3000] loss: 0.231 , mean_IoU: 0.382
2021-05-04 11:28:01,274 INFO Validation: [epoch:13, batch:  1100/3000] loss: 0.232 , mean_IoU: 0.380
2021-05-04 11:28:01,969 INFO Validation: [epoch:13, batch:  1150/3000] loss: 0.231 , mean_IoU: 0.383
2021-05-04 11:28:02,650 INFO Validation: [epoch:13, batch:  1200/3000] loss: 0.231 , mean_IoU: 0.382
2021-05-04 11:28:03,343 INFO Validation: [epoch:13, batch:  1250/3000] loss: 0.231 , mean_IoU: 0.383
2021-05-04 11:28:05,137 INFO Validation: [epoch:13, batch:  1300/3000] loss: 0.230 , mean_IoU: 0.382
2021-05-04 11:28:05,829 INFO Validation: [epoch:13, batch:  1350/3000] loss: 0.229 , mean_IoU: 0.380
2021-05-04 11:28:06,527 INFO Validation: [epoch:13, batch:  1400/3000] loss: 0.229 , mean_IoU: 0.380
2021-05-04 11:28:07,225 INFO Validation: [epoch:13, batch:  1450/3000] loss: 0.230 , mean_IoU: 0.381
2021-05-04 11:28:07,922 INFO Validation: [epoch:13, batch:  1500/3000] loss: 0.230 , mean_IoU: 0.382
2021-05-04 11:28:08,622 INFO Validation: [epoch:13, batch:  1550/3000] loss: 0.230 , mean_IoU: 0.381
2021-05-04 11:28:09,311 INFO Validation: [epoch:13, batch:  1600/3000] loss: 0.228 , mean_IoU: 0.379
2021-05-04 11:28:10,215 INFO Validation: [epoch:13, batch:  1650/3000] loss: 0.228 , mean_IoU: 0.380
2021-05-04 11:28:10,938 INFO Validation: [epoch:13, batch:  1700/3000] loss: 0.228 , mean_IoU: 0.379
2021-05-04 11:28:11,629 INFO Validation: [epoch:13, batch:  1750/3000] loss: 0.227 , mean_IoU: 0.381
2021-05-04 11:28:12,322 INFO Validation: [epoch:13, batch:  1800/3000] loss: 0.226 , mean_IoU: 0.381
2021-05-04 11:28:13,030 INFO Validation: [epoch:13, batch:  1850/3000] loss: 0.225 , mean_IoU: 0.380
2021-05-04 11:28:13,740 INFO Validation: [epoch:13, batch:  1900/3000] loss: 0.226 , mean_IoU: 0.380
2021-05-04 11:28:14,441 INFO Validation: [epoch:13, batch:  1950/3000] loss: 0.225 , mean_IoU: 0.380
2021-05-04 11:28:15,172 INFO Validation: [epoch:13, batch:  2000/3000] loss: 0.227 , mean_IoU: 0.380
2021-05-04 11:28:15,883 INFO Validation: [epoch:13, batch:  2050/3000] loss: 0.227 , mean_IoU: 0.380
2021-05-04 11:28:16,594 INFO Validation: [epoch:13, batch:  2100/3000] loss: 0.227 , mean_IoU: 0.381
2021-05-04 11:28:17,297 INFO Validation: [epoch:13, batch:  2150/3000] loss: 0.227 , mean_IoU: 0.380
2021-05-04 11:28:17,997 INFO Validation: [epoch:13, batch:  2200/3000] loss: 0.226 , mean_IoU: 0.382
2021-05-04 11:28:18,694 INFO Validation: [epoch:13, batch:  2250/3000] loss: 0.226 , mean_IoU: 0.382
2021-05-04 11:28:19,396 INFO Validation: [epoch:13, batch:  2300/3000] loss: 0.225 , mean_IoU: 0.381
2021-05-04 11:28:20,082 INFO Validation: [epoch:13, batch:  2350/3000] loss: 0.225 , mean_IoU: 0.379
2021-05-04 11:28:20,768 INFO Validation: [epoch:13, batch:  2400/3000] loss: 0.223 , mean_IoU: 0.379
2021-05-04 11:28:21,469 INFO Validation: [epoch:13, batch:  2450/3000] loss: 0.223 , mean_IoU: 0.380
2021-05-04 11:28:22,176 INFO Validation: [epoch:13, batch:  2500/3000] loss: 0.224 , mean_IoU: 0.379
2021-05-04 11:28:22,876 INFO Validation: [epoch:13, batch:  2550/3000] loss: 0.223 , mean_IoU: 0.378
2021-05-04 11:28:23,576 INFO Validation: [epoch:13, batch:  2600/3000] loss: 0.224 , mean_IoU: 0.379
2021-05-04 11:28:24,284 INFO Validation: [epoch:13, batch:  2650/3000] loss: 0.223 , mean_IoU: 0.379
2021-05-04 11:28:25,111 INFO Validation: [epoch:13, batch:  2700/3000] loss: 0.224 , mean_IoU: 0.379
2021-05-04 11:28:25,805 INFO Validation: [epoch:13, batch:  2750/3000] loss: 0.224 , mean_IoU: 0.378
2021-05-04 11:28:26,497 INFO Validation: [epoch:13, batch:  2800/3000] loss: 0.223 , mean_IoU: 0.379
2021-05-04 11:28:27,199 INFO Validation: [epoch:13, batch:  2850/3000] loss: 0.224 , mean_IoU: 0.380
2021-05-04 11:28:27,897 INFO Validation: [epoch:13, batch:  2900/3000] loss: 0.226 , mean_IoU: 0.380
2021-05-04 11:28:28,598 INFO Validation: [epoch:13, batch:  2950/3000] loss: 0.226 , mean_IoU: 0.381
2021-05-04 11:28:29,306 INFO Validation: [epoch:13, batch:  3000/3000] loss: 0.226 , mean_IoU: 0.380
2021-05-04 11:28:29,358 INFO ==> Saving BEST ... epoch12 loss0.226 miou0.380 
2021-05-04 11:28:30,388 INFO Epoch 13
2021-05-04 11:29:21,138 INFO Training: [epoch:14, batch:   100/474] loss: 0.208 , mean_IoU: 0.575
2021-05-04 11:30:11,350 INFO Training: [epoch:14, batch:   200/474] loss: 0.209 , mean_IoU: 0.568
2021-05-04 11:31:01,541 INFO Training: [epoch:14, batch:   300/474] loss: 0.209 , mean_IoU: 0.570
2021-05-04 11:32:07,686 INFO Training: [epoch:14, batch:   400/474] loss: 0.208 , mean_IoU: 0.568
2021-05-04 11:32:50,150 INFO Validation: [epoch:14, batch:    50/3000] loss: 0.216 , mean_IoU: 0.317
2021-05-04 11:32:50,838 INFO Validation: [epoch:14, batch:   100/3000] loss: 0.252 , mean_IoU: 0.359
2021-05-04 11:32:51,539 INFO Validation: [epoch:14, batch:   150/3000] loss: 0.225 , mean_IoU: 0.368
2021-05-04 11:32:52,221 INFO Validation: [epoch:14, batch:   200/3000] loss: 0.234 , mean_IoU: 0.369
2021-05-04 11:32:52,927 INFO Validation: [epoch:14, batch:   250/3000] loss: 0.230 , mean_IoU: 0.377
2021-05-04 11:32:53,627 INFO Validation: [epoch:14, batch:   300/3000] loss: 0.226 , mean_IoU: 0.377
2021-05-04 11:32:54,314 INFO Validation: [epoch:14, batch:   350/3000] loss: 0.231 , mean_IoU: 0.369
2021-05-04 11:32:54,997 INFO Validation: [epoch:14, batch:   400/3000] loss: 0.232 , mean_IoU: 0.374
2021-05-04 11:32:55,686 INFO Validation: [epoch:14, batch:   450/3000] loss: 0.230 , mean_IoU: 0.374
2021-05-04 11:32:56,387 INFO Validation: [epoch:14, batch:   500/3000] loss: 0.231 , mean_IoU: 0.372
2021-05-04 11:32:57,221 INFO Validation: [epoch:14, batch:   550/3000] loss: 0.230 , mean_IoU: 0.376
2021-05-04 11:32:57,938 INFO Validation: [epoch:14, batch:   600/3000] loss: 0.229 , mean_IoU: 0.375
2021-05-04 11:32:58,633 INFO Validation: [epoch:14, batch:   650/3000] loss: 0.233 , mean_IoU: 0.373
2021-05-04 11:32:59,338 INFO Validation: [epoch:14, batch:   700/3000] loss: 0.232 , mean_IoU: 0.374
2021-05-04 11:33:00,019 INFO Validation: [epoch:14, batch:   750/3000] loss: 0.230 , mean_IoU: 0.374
2021-05-04 11:33:00,717 INFO Validation: [epoch:14, batch:   800/3000] loss: 0.233 , mean_IoU: 0.376
2021-05-04 11:33:01,408 INFO Validation: [epoch:14, batch:   850/3000] loss: 0.234 , mean_IoU: 0.376
2021-05-04 11:33:02,105 INFO Validation: [epoch:14, batch:   900/3000] loss: 0.234 , mean_IoU: 0.381
2021-05-04 11:33:02,806 INFO Validation: [epoch:14, batch:   950/3000] loss: 0.232 , mean_IoU: 0.384
2021-05-04 11:33:03,636 INFO Validation: [epoch:14, batch:  1000/3000] loss: 0.230 , mean_IoU: 0.385
2021-05-04 11:33:04,337 INFO Validation: [epoch:14, batch:  1050/3000] loss: 0.230 , mean_IoU: 0.387
2021-05-04 11:33:05,407 INFO Validation: [epoch:14, batch:  1100/3000] loss: 0.231 , mean_IoU: 0.385
2021-05-04 11:33:06,093 INFO Validation: [epoch:14, batch:  1150/3000] loss: 0.231 , mean_IoU: 0.387
2021-05-04 11:33:06,769 INFO Validation: [epoch:14, batch:  1200/3000] loss: 0.231 , mean_IoU: 0.386
2021-05-04 11:33:07,462 INFO Validation: [epoch:14, batch:  1250/3000] loss: 0.231 , mean_IoU: 0.387
2021-05-04 11:33:08,171 INFO Validation: [epoch:14, batch:  1300/3000] loss: 0.230 , mean_IoU: 0.386
2021-05-04 11:33:08,919 INFO Validation: [epoch:14, batch:  1350/3000] loss: 0.229 , mean_IoU: 0.384
2021-05-04 11:33:09,620 INFO Validation: [epoch:14, batch:  1400/3000] loss: 0.229 , mean_IoU: 0.383
2021-05-04 11:33:10,319 INFO Validation: [epoch:14, batch:  1450/3000] loss: 0.229 , mean_IoU: 0.384
2021-05-04 11:33:12,078 INFO Validation: [epoch:14, batch:  1500/3000] loss: 0.230 , mean_IoU: 0.384
2021-05-04 11:33:12,774 INFO Validation: [epoch:14, batch:  1550/3000] loss: 0.230 , mean_IoU: 0.383
2021-05-04 11:33:13,463 INFO Validation: [epoch:14, batch:  1600/3000] loss: 0.229 , mean_IoU: 0.381
2021-05-04 11:33:14,154 INFO Validation: [epoch:14, batch:  1650/3000] loss: 0.228 , mean_IoU: 0.383
2021-05-04 11:33:14,864 INFO Validation: [epoch:14, batch:  1700/3000] loss: 0.228 , mean_IoU: 0.382
2021-05-04 11:33:15,555 INFO Validation: [epoch:14, batch:  1750/3000] loss: 0.226 , mean_IoU: 0.384
2021-05-04 11:33:16,244 INFO Validation: [epoch:14, batch:  1800/3000] loss: 0.226 , mean_IoU: 0.384
2021-05-04 11:33:16,950 INFO Validation: [epoch:14, batch:  1850/3000] loss: 0.225 , mean_IoU: 0.384
2021-05-04 11:33:17,650 INFO Validation: [epoch:14, batch:  1900/3000] loss: 0.225 , mean_IoU: 0.384
2021-05-04 11:33:18,362 INFO Validation: [epoch:14, batch:  1950/3000] loss: 0.225 , mean_IoU: 0.383
2021-05-04 11:33:19,093 INFO Validation: [epoch:14, batch:  2000/3000] loss: 0.226 , mean_IoU: 0.383
2021-05-04 11:33:19,789 INFO Validation: [epoch:14, batch:  2050/3000] loss: 0.226 , mean_IoU: 0.384
2021-05-04 11:33:20,500 INFO Validation: [epoch:14, batch:  2100/3000] loss: 0.225 , mean_IoU: 0.385
2021-05-04 11:33:21,195 INFO Validation: [epoch:14, batch:  2150/3000] loss: 0.226 , mean_IoU: 0.384
2021-05-04 11:33:21,897 INFO Validation: [epoch:14, batch:  2200/3000] loss: 0.225 , mean_IoU: 0.385
2021-05-04 11:33:22,583 INFO Validation: [epoch:14, batch:  2250/3000] loss: 0.225 , mean_IoU: 0.385
2021-05-04 11:33:23,293 INFO Validation: [epoch:14, batch:  2300/3000] loss: 0.224 , mean_IoU: 0.384
2021-05-04 11:33:23,981 INFO Validation: [epoch:14, batch:  2350/3000] loss: 0.224 , mean_IoU: 0.383
2021-05-04 11:33:24,675 INFO Validation: [epoch:14, batch:  2400/3000] loss: 0.222 , mean_IoU: 0.382
2021-05-04 11:33:25,383 INFO Validation: [epoch:14, batch:  2450/3000] loss: 0.222 , mean_IoU: 0.383
2021-05-04 11:33:26,081 INFO Validation: [epoch:14, batch:  2500/3000] loss: 0.222 , mean_IoU: 0.383
2021-05-04 11:33:26,765 INFO Validation: [epoch:14, batch:  2550/3000] loss: 0.222 , mean_IoU: 0.382
2021-05-04 11:33:27,456 INFO Validation: [epoch:14, batch:  2600/3000] loss: 0.222 , mean_IoU: 0.383
2021-05-04 11:33:28,162 INFO Validation: [epoch:14, batch:  2650/3000] loss: 0.222 , mean_IoU: 0.383
2021-05-04 11:33:28,858 INFO Validation: [epoch:14, batch:  2700/3000] loss: 0.222 , mean_IoU: 0.383
2021-05-04 11:33:29,550 INFO Validation: [epoch:14, batch:  2750/3000] loss: 0.223 , mean_IoU: 0.382
2021-05-04 11:33:30,237 INFO Validation: [epoch:14, batch:  2800/3000] loss: 0.222 , mean_IoU: 0.383
2021-05-04 11:33:30,935 INFO Validation: [epoch:14, batch:  2850/3000] loss: 0.223 , mean_IoU: 0.384
2021-05-04 11:33:31,635 INFO Validation: [epoch:14, batch:  2900/3000] loss: 0.225 , mean_IoU: 0.384
2021-05-04 11:33:32,353 INFO Validation: [epoch:14, batch:  2950/3000] loss: 0.225 , mean_IoU: 0.385
2021-05-04 11:33:33,074 INFO Validation: [epoch:14, batch:  3000/3000] loss: 0.224 , mean_IoU: 0.384
2021-05-04 11:33:33,141 INFO ==> Saving BEST ... epoch13 loss0.224 miou0.384 
2021-05-04 11:33:34,140 INFO Epoch 14
2021-05-04 11:34:24,970 INFO Training: [epoch:15, batch:   100/474] loss: 0.206 , mean_IoU: 0.576
2021-05-04 11:35:15,152 INFO Training: [epoch:15, batch:   200/474] loss: 0.206 , mean_IoU: 0.572
2021-05-04 11:36:05,350 INFO Training: [epoch:15, batch:   300/474] loss: 0.206 , mean_IoU: 0.575
2021-05-04 11:36:55,535 INFO Training: [epoch:15, batch:   400/474] loss: 0.207 , mean_IoU: 0.574
2021-05-04 11:37:33,583 INFO Validation: [epoch:15, batch:    50/3000] loss: 0.212 , mean_IoU: 0.313
2021-05-04 11:37:34,283 INFO Validation: [epoch:15, batch:   100/3000] loss: 0.259 , mean_IoU: 0.355
2021-05-04 11:37:34,983 INFO Validation: [epoch:15, batch:   150/3000] loss: 0.228 , mean_IoU: 0.359
2021-05-04 11:37:35,665 INFO Validation: [epoch:15, batch:   200/3000] loss: 0.235 , mean_IoU: 0.367
2021-05-04 11:37:36,366 INFO Validation: [epoch:15, batch:   250/3000] loss: 0.232 , mean_IoU: 0.377
2021-05-04 11:37:37,075 INFO Validation: [epoch:15, batch:   300/3000] loss: 0.229 , mean_IoU: 0.380
2021-05-04 11:37:37,772 INFO Validation: [epoch:15, batch:   350/3000] loss: 0.232 , mean_IoU: 0.375
2021-05-04 11:37:38,461 INFO Validation: [epoch:15, batch:   400/3000] loss: 0.233 , mean_IoU: 0.378
2021-05-04 11:37:39,151 INFO Validation: [epoch:15, batch:   450/3000] loss: 0.232 , mean_IoU: 0.376
2021-05-04 11:37:39,845 INFO Validation: [epoch:15, batch:   500/3000] loss: 0.231 , mean_IoU: 0.374
2021-05-04 11:37:40,556 INFO Validation: [epoch:15, batch:   550/3000] loss: 0.231 , mean_IoU: 0.378
2021-05-04 11:37:41,244 INFO Validation: [epoch:15, batch:   600/3000] loss: 0.229 , mean_IoU: 0.377
2021-05-04 11:37:41,941 INFO Validation: [epoch:15, batch:   650/3000] loss: 0.234 , mean_IoU: 0.374
2021-05-04 11:37:42,752 INFO Validation: [epoch:15, batch:   700/3000] loss: 0.233 , mean_IoU: 0.373
2021-05-04 11:37:43,429 INFO Validation: [epoch:15, batch:   750/3000] loss: 0.231 , mean_IoU: 0.374
2021-05-04 11:37:44,128 INFO Validation: [epoch:15, batch:   800/3000] loss: 0.234 , mean_IoU: 0.376
2021-05-04 11:37:44,820 INFO Validation: [epoch:15, batch:   850/3000] loss: 0.235 , mean_IoU: 0.375
2021-05-04 11:37:45,519 INFO Validation: [epoch:15, batch:   900/3000] loss: 0.236 , mean_IoU: 0.379
2021-05-04 11:37:46,223 INFO Validation: [epoch:15, batch:   950/3000] loss: 0.234 , mean_IoU: 0.382
2021-05-04 11:37:46,928 INFO Validation: [epoch:15, batch:  1000/3000] loss: 0.232 , mean_IoU: 0.382
2021-05-04 11:37:47,624 INFO Validation: [epoch:15, batch:  1050/3000] loss: 0.231 , mean_IoU: 0.383
2021-05-04 11:37:48,313 INFO Validation: [epoch:15, batch:  1100/3000] loss: 0.231 , mean_IoU: 0.382
2021-05-04 11:37:49,000 INFO Validation: [epoch:15, batch:  1150/3000] loss: 0.230 , mean_IoU: 0.384
2021-05-04 11:37:49,675 INFO Validation: [epoch:15, batch:  1200/3000] loss: 0.231 , mean_IoU: 0.384
2021-05-04 11:37:50,367 INFO Validation: [epoch:15, batch:  1250/3000] loss: 0.231 , mean_IoU: 0.384
2021-05-04 11:37:51,077 INFO Validation: [epoch:15, batch:  1300/3000] loss: 0.230 , mean_IoU: 0.383
2021-05-04 11:37:51,768 INFO Validation: [epoch:15, batch:  1350/3000] loss: 0.229 , mean_IoU: 0.381
2021-05-04 11:37:52,473 INFO Validation: [epoch:15, batch:  1400/3000] loss: 0.228 , mean_IoU: 0.381
2021-05-04 11:37:53,172 INFO Validation: [epoch:15, batch:  1450/3000] loss: 0.229 , mean_IoU: 0.382
2021-05-04 11:37:53,878 INFO Validation: [epoch:15, batch:  1500/3000] loss: 0.229 , mean_IoU: 0.382
2021-05-04 11:37:54,816 INFO Validation: [epoch:15, batch:  1550/3000] loss: 0.230 , mean_IoU: 0.381
2021-05-04 11:37:55,512 INFO Validation: [epoch:15, batch:  1600/3000] loss: 0.228 , mean_IoU: 0.380
2021-05-04 11:37:56,203 INFO Validation: [epoch:15, batch:  1650/3000] loss: 0.227 , mean_IoU: 0.381
2021-05-04 11:37:56,909 INFO Validation: [epoch:15, batch:  1700/3000] loss: 0.227 , mean_IoU: 0.380
2021-05-04 11:37:57,601 INFO Validation: [epoch:15, batch:  1750/3000] loss: 0.226 , mean_IoU: 0.382
2021-05-04 11:37:58,294 INFO Validation: [epoch:15, batch:  1800/3000] loss: 0.225 , mean_IoU: 0.382
2021-05-04 11:37:58,992 INFO Validation: [epoch:15, batch:  1850/3000] loss: 0.224 , mean_IoU: 0.381
2021-05-04 11:37:59,694 INFO Validation: [epoch:15, batch:  1900/3000] loss: 0.224 , mean_IoU: 0.382
2021-05-04 11:38:00,382 INFO Validation: [epoch:15, batch:  1950/3000] loss: 0.224 , mean_IoU: 0.381
2021-05-04 11:38:01,106 INFO Validation: [epoch:15, batch:  2000/3000] loss: 0.226 , mean_IoU: 0.381
2021-05-04 11:38:01,808 INFO Validation: [epoch:15, batch:  2050/3000] loss: 0.225 , mean_IoU: 0.382
2021-05-04 11:38:02,511 INFO Validation: [epoch:15, batch:  2100/3000] loss: 0.225 , mean_IoU: 0.383
2021-05-04 11:38:03,205 INFO Validation: [epoch:15, batch:  2150/3000] loss: 0.226 , mean_IoU: 0.382
2021-05-04 11:38:03,906 INFO Validation: [epoch:15, batch:  2200/3000] loss: 0.225 , mean_IoU: 0.383
2021-05-04 11:38:04,641 INFO Validation: [epoch:15, batch:  2250/3000] loss: 0.225 , mean_IoU: 0.383
2021-05-04 11:38:05,350 INFO Validation: [epoch:15, batch:  2300/3000] loss: 0.224 , mean_IoU: 0.382
2021-05-04 11:38:06,044 INFO Validation: [epoch:15, batch:  2350/3000] loss: 0.224 , mean_IoU: 0.381
2021-05-04 11:38:06,741 INFO Validation: [epoch:15, batch:  2400/3000] loss: 0.223 , mean_IoU: 0.380
2021-05-04 11:38:07,437 INFO Validation: [epoch:15, batch:  2450/3000] loss: 0.222 , mean_IoU: 0.381
2021-05-04 11:38:08,137 INFO Validation: [epoch:15, batch:  2500/3000] loss: 0.223 , mean_IoU: 0.380
2021-05-04 11:38:08,836 INFO Validation: [epoch:15, batch:  2550/3000] loss: 0.222 , mean_IoU: 0.380
2021-05-04 11:38:09,531 INFO Validation: [epoch:15, batch:  2600/3000] loss: 0.223 , mean_IoU: 0.381
2021-05-04 11:38:10,226 INFO Validation: [epoch:15, batch:  2650/3000] loss: 0.222 , mean_IoU: 0.380
2021-05-04 11:38:10,923 INFO Validation: [epoch:15, batch:  2700/3000] loss: 0.223 , mean_IoU: 0.380
2021-05-04 11:38:11,694 INFO Validation: [epoch:15, batch:  2750/3000] loss: 0.223 , mean_IoU: 0.379
2021-05-04 11:38:12,595 INFO Validation: [epoch:15, batch:  2800/3000] loss: 0.222 , mean_IoU: 0.381
2021-05-04 11:38:13,303 INFO Validation: [epoch:15, batch:  2850/3000] loss: 0.223 , mean_IoU: 0.382
2021-05-04 11:38:14,005 INFO Validation: [epoch:15, batch:  2900/3000] loss: 0.225 , mean_IoU: 0.382
2021-05-04 11:38:14,705 INFO Validation: [epoch:15, batch:  2950/3000] loss: 0.225 , mean_IoU: 0.382
2021-05-04 11:38:15,412 INFO Validation: [epoch:15, batch:  3000/3000] loss: 0.224 , mean_IoU: 0.382
2021-05-04 11:38:15,464 INFO ==> Saving BEST ... epoch14 loss0.224 miou0.382 
